{"/home/runner/work/Rahnuma/Rahnuma/backend/src/api/index.js": {"path":"/home/runner/work/Rahnuma/Rahnuma/backend/src/api/index.js","statementMap":{"0":{"start":{"line":3,"column":16},"end":{"line":3,"column":34}},"1":{"start":{"line":4,"column":13},"end":{"line":4,"column":28}},"2":{"start":{"line":5,"column":13},"end":{"line":5,"column":28}},"3":{"start":{"line":6,"column":15},"end":{"line":6,"column":32}},"4":{"start":{"line":7,"column":20},"end":{"line":7,"column":42}},"5":{"start":{"line":8,"column":15},"end":{"line":8,"column":32}},"6":{"start":{"line":10,"column":15},"end":{"line":10,"column":41}},"7":{"start":{"line":11,"column":28},"end":{"line":11,"column":59}},"8":{"start":{"line":12,"column":25},"end":{"line":12,"column":53}},"9":{"start":{"line":13,"column":20},"end":{"line":13,"column":45}},"10":{"start":{"line":14,"column":21},"end":{"line":14,"column":47}},"11":{"start":{"line":15,"column":21},"end":{"line":15,"column":47}},"12":{"start":{"line":16,"column":22},"end":{"line":16,"column":49}},"13":{"start":{"line":17,"column":19},"end":{"line":17,"column":43}},"14":{"start":{"line":18,"column":19},"end":{"line":18,"column":43}},"15":{"start":{"line":19,"column":22},"end":{"line":19,"column":49}},"16":{"start":{"line":20,"column":23},"end":{"line":20,"column":51}},"17":{"start":{"line":21,"column":18},"end":{"line":21,"column":47}},"18":{"start":{"line":22,"column":20},"end":{"line":22,"column":40}},"19":{"start":{"line":23,"column":28},"end":{"line":23,"column":61}},"20":{"start":{"line":24,"column":31},"end":{"line":24,"column":65}},"21":{"start":{"line":25,"column":26},"end":{"line":25,"column":61}},"22":{"start":{"line":27,"column":12},"end":{"line":27,"column":21}},"23":{"start":{"line":28,"column":15},"end":{"line":28,"column":37}},"24":{"start":{"line":31,"column":0},"end":{"line":31,"column":18}},"25":{"start":{"line":32,"column":0},"end":{"line":32,"column":23}},"26":{"start":{"line":33,"column":0},"end":{"line":33,"column":40}},"27":{"start":{"line":34,"column":0},"end":{"line":34,"column":48}},"28":{"start":{"line":37,"column":23},"end":{"line":37,"column":87}},"29":{"start":{"line":38,"column":0},"end":{"line":46,"column":2}},"30":{"start":{"line":41,"column":6},"end":{"line":41,"column":76}},"31":{"start":{"line":41,"column":54},"end":{"line":41,"column":76}},"32":{"start":{"line":42,"column":6},"end":{"line":42,"column":58}},"33":{"start":{"line":49,"column":0},"end":{"line":54,"column":2}},"34":{"start":{"line":51,"column":30},"end":{"line":51,"column":53}},"35":{"start":{"line":52,"column":19},"end":{"line":52,"column":40}},"36":{"start":{"line":57,"column":0},"end":{"line":57,"column":38}},"37":{"start":{"line":60,"column":0},"end":{"line":60,"column":78}},"38":{"start":{"line":60,"column":34},"end":{"line":60,"column":76}},"39":{"start":{"line":63,"column":0},"end":{"line":63,"column":36}},"40":{"start":{"line":64,"column":0},"end":{"line":64,"column":38}},"41":{"start":{"line":65,"column":0},"end":{"line":65,"column":40}},"42":{"start":{"line":66,"column":0},"end":{"line":66,"column":65}},"43":{"start":{"line":67,"column":0},"end":{"line":67,"column":42}},"44":{"start":{"line":68,"column":0},"end":{"line":68,"column":36}},"45":{"start":{"line":69,"column":0},"end":{"line":69,"column":42}},"46":{"start":{"line":72,"column":0},"end":{"line":72,"column":68}},"47":{"start":{"line":75,"column":0},"end":{"line":75,"column":32}},"48":{"start":{"line":79,"column":0},"end":{"line":83,"column":3}},"49":{"start":{"line":80,"column":2},"end":{"line":80,"column":50}},"50":{"start":{"line":81,"column":17},"end":{"line":81,"column":34}},"51":{"start":{"line":82,"column":2},"end":{"line":82,"column":77}},"52":{"start":{"line":86,"column":13},"end":{"line":86,"column":53}},"53":{"start":{"line":89,"column":2},"end":{"line":100,"column":3}},"54":{"start":{"line":90,"column":4},"end":{"line":90,"column":28}},"55":{"start":{"line":91,"column":4},"end":{"line":91,"column":25}},"56":{"start":{"line":92,"column":4},"end":{"line":92,"column":26}},"57":{"start":{"line":94,"column":4},"end":{"line":96,"column":7}},"58":{"start":{"line":95,"column":6},"end":{"line":95,"column":104}},"59":{"start":{"line":98,"column":4},"end":{"line":98,"column":52}},"60":{"start":{"line":99,"column":4},"end":{"line":99,"column":20}},"61":{"start":{"line":103,"column":0},"end":{"line":105,"column":1}},"62":{"start":{"line":104,"column":2},"end":{"line":104,"column":10}},"63":{"start":{"line":107,"column":0},"end":{"line":107,"column":33}}},"fnMap":{"0":{"name":"(anonymous_0)","decl":{"start":{"line":40,"column":12},"end":{"line":40,"column":13}},"loc":{"start":{"line":40,"column":28},"end":{"line":43,"column":5}},"line":40},"1":{"name":"(anonymous_1)","decl":{"start":{"line":51,"column":21},"end":{"line":51,"column":22}},"loc":{"start":{"line":51,"column":30},"end":{"line":51,"column":53}},"line":51},"2":{"name":"(anonymous_2)","decl":{"start":{"line":52,"column":10},"end":{"line":52,"column":11}},"loc":{"start":{"line":52,"column":19},"end":{"line":52,"column":40}},"line":52},"3":{"name":"(anonymous_3)","decl":{"start":{"line":60,"column":19},"end":{"line":60,"column":20}},"loc":{"start":{"line":60,"column":34},"end":{"line":60,"column":76}},"line":60},"4":{"name":"(anonymous_4)","decl":{"start":{"line":79,"column":8},"end":{"line":79,"column":9}},"loc":{"start":{"line":79,"column":35},"end":{"line":83,"column":1}},"line":79},"5":{"name":"start","decl":{"start":{"line":88,"column":15},"end":{"line":88,"column":20}},"loc":{"start":{"line":88,"column":23},"end":{"line":101,"column":1}},"line":88},"6":{"name":"(anonymous_6)","decl":{"start":{"line":94,"column":24},"end":{"line":94,"column":25}},"loc":{"start":{"line":94,"column":30},"end":{"line":96,"column":5}},"line":94}},"branchMap":{"0":{"loc":{"start":{"line":37,"column":24},"end":{"line":37,"column":75}},"type":"binary-expr","locations":[{"start":{"line":37,"column":24},"end":{"line":37,"column":48}},{"start":{"line":37,"column":52},"end":{"line":37,"column":75}}],"line":37},"1":{"loc":{"start":{"line":41,"column":6},"end":{"line":41,"column":76}},"type":"if","locations":[{"start":{"line":41,"column":6},"end":{"line":41,"column":76}},{"start":{},"end":{}}],"line":41},"2":{"loc":{"start":{"line":41,"column":10},"end":{"line":41,"column":52}},"type":"binary-expr","locations":[{"start":{"line":41,"column":10},"end":{"line":41,"column":17}},{"start":{"line":41,"column":21},"end":{"line":41,"column":52}}],"line":41},"3":{"loc":{"start":{"line":81,"column":17},"end":{"line":81,"column":34}},"type":"binary-expr","locations":[{"start":{"line":81,"column":17},"end":{"line":81,"column":27}},{"start":{"line":81,"column":31},"end":{"line":81,"column":34}}],"line":81},"4":{"loc":{"start":{"line":82,"column":35},"end":{"line":82,"column":73}},"type":"binary-expr","locations":[{"start":{"line":82,"column":35},"end":{"line":82,"column":46}},{"start":{"line":82,"column":50},"end":{"line":82,"column":73}}],"line":82},"5":{"loc":{"start":{"line":86,"column":22},"end":{"line":86,"column":48}},"type":"binary-expr","locations":[{"start":{"line":86,"column":22},"end":{"line":86,"column":38}},{"start":{"line":86,"column":42},"end":{"line":86,"column":48}}],"line":86},"6":{"loc":{"start":{"line":95,"column":62},"end":{"line":95,"column":99}},"type":"binary-expr","locations":[{"start":{"line":95,"column":62},"end":{"line":95,"column":82}},{"start":{"line":95,"column":86},"end":{"line":95,"column":99}}],"line":95},"7":{"loc":{"start":{"line":103,"column":0},"end":{"line":105,"column":1}},"type":"if","locations":[{"start":{"line":103,"column":0},"end":{"line":105,"column":1}},{"start":{},"end":{}}],"line":103}},"s":{"0":8,"1":8,"2":8,"3":8,"4":8,"5":8,"6":8,"7":8,"8":8,"9":8,"10":8,"11":8,"12":8,"13":8,"14":8,"15":8,"16":8,"17":8,"18":8,"19":8,"20":8,"21":8,"22":8,"23":8,"24":8,"25":8,"26":8,"27":8,"28":8,"29":8,"30":39,"31":39,"32":0,"33":8,"34":38,"35":39,"36":8,"37":8,"38":1,"39":8,"40":8,"41":8,"42":8,"43":8,"44":8,"45":8,"46":8,"47":8,"48":8,"49":0,"50":0,"51":0,"52":8,"53":0,"54":0,"55":0,"56":0,"57":0,"58":0,"59":0,"60":0,"61":8,"62":0,"63":8},"f":{"0":39,"1":38,"2":39,"3":1,"4":0,"5":0,"6":0},"b":{"0":[8,8],"1":[39,0],"2":[39,0],"3":[0,0],"4":[0,0],"5":[8,8],"6":[0,0],"7":[0,8]},"_coverageSchema":"1a1c01bbd47fc00a2c39e90264f33305004495a9","hash":"8be1e1654d942ca1f5b3c084e652058aa281104e"}
,"/home/runner/work/Rahnuma/Rahnuma/backend/src/api/openapi.js": {"path":"/home/runner/work/Rahnuma/Rahnuma/backend/src/api/openapi.js","statementMap":{"0":{"start":{"line":6,"column":20},"end":{"line":510,"column":1}},"1":{"start":{"line":512,"column":0},"end":{"line":512,"column":29}}},"fnMap":{},"branchMap":{},"s":{"0":8,"1":8},"f":{},"b":{},"_coverageSchema":"1a1c01bbd47fc00a2c39e90264f33305004495a9","hash":"060524189845b715e4132d337e580adf85852571"}
,"/home/runner/work/Rahnuma/Rahnuma/backend/src/api/middleware/auth.js": {"path":"/home/runner/work/Rahnuma/Rahnuma/backend/src/api/middleware/auth.js","statementMap":{"0":{"start":{"line":3,"column":12},"end":{"line":3,"column":35}},"1":{"start":{"line":5,"column":19},"end":{"line":5,"column":57}},"2":{"start":{"line":12,"column":17},"end":{"line":12,"column":48}},"3":{"start":{"line":13,"column":26},"end":{"line":13,"column":43}},"4":{"start":{"line":14,"column":2},"end":{"line":14,"column":49}},"5":{"start":{"line":14,"column":37},"end":{"line":14,"column":49}},"6":{"start":{"line":15,"column":2},"end":{"line":19,"column":3}},"7":{"start":{"line":16,"column":4},"end":{"line":16,"column":41}},"8":{"start":{"line":18,"column":4},"end":{"line":18,"column":16}},"9":{"start":{"line":27,"column":18},"end":{"line":27,"column":33}},"10":{"start":{"line":28,"column":2},"end":{"line":28,"column":82}},"11":{"start":{"line":28,"column":16},"end":{"line":28,"column":82}},"12":{"start":{"line":29,"column":2},"end":{"line":29,"column":21}},"13":{"start":{"line":30,"column":2},"end":{"line":30,"column":9}},"14":{"start":{"line":38,"column":2},"end":{"line":38,"column":37}},"15":{"start":{"line":39,"column":2},"end":{"line":39,"column":9}},"16":{"start":{"line":42,"column":0},"end":{"line":42,"column":40}}},"fnMap":{"0":{"name":"parseToken","decl":{"start":{"line":11,"column":9},"end":{"line":11,"column":19}},"loc":{"start":{"line":11,"column":25},"end":{"line":20,"column":1}},"line":11},"1":{"name":"required","decl":{"start":{"line":26,"column":9},"end":{"line":26,"column":17}},"loc":{"start":{"line":26,"column":34},"end":{"line":31,"column":1}},"line":26},"2":{"name":"optional","decl":{"start":{"line":37,"column":9},"end":{"line":37,"column":17}},"loc":{"start":{"line":37,"column":35},"end":{"line":40,"column":1}},"line":37}},"branchMap":{"0":{"loc":{"start":{"line":5,"column":19},"end":{"line":5,"column":57}},"type":"binary-expr","locations":[{"start":{"line":5,"column":19},"end":{"line":5,"column":41}},{"start":{"line":5,"column":45},"end":{"line":5,"column":57}}],"line":5},"1":{"loc":{"start":{"line":12,"column":17},"end":{"line":12,"column":48}},"type":"binary-expr","locations":[{"start":{"line":12,"column":17},"end":{"line":12,"column":42}},{"start":{"line":12,"column":46},"end":{"line":12,"column":48}}],"line":12},"2":{"loc":{"start":{"line":14,"column":2},"end":{"line":14,"column":49}},"type":"if","locations":[{"start":{"line":14,"column":2},"end":{"line":14,"column":49}},{"start":{},"end":{}}],"line":14},"3":{"loc":{"start":{"line":14,"column":6},"end":{"line":14,"column":35}},"type":"binary-expr","locations":[{"start":{"line":14,"column":6},"end":{"line":14,"column":25}},{"start":{"line":14,"column":29},"end":{"line":14,"column":35}}],"line":14},"4":{"loc":{"start":{"line":28,"column":2},"end":{"line":28,"column":82}},"type":"if","locations":[{"start":{"line":28,"column":2},"end":{"line":28,"column":82}},{"start":{},"end":{}}],"line":28},"5":{"loc":{"start":{"line":38,"column":13},"end":{"line":38,"column":36}},"type":"binary-expr","locations":[{"start":{"line":38,"column":13},"end":{"line":38,"column":28}},{"start":{"line":38,"column":32},"end":{"line":38,"column":36}}],"line":38}},"s":{"0":9,"1":9,"2":18,"3":18,"4":18,"5":8,"6":10,"7":10,"8":1,"9":11,"10":11,"11":5,"12":6,"13":6,"14":7,"15":7,"16":9},"f":{"0":18,"1":11,"2":7},"b":{"0":[9,9],"1":[18,8],"2":[8,10],"3":[18,10],"4":[5,6],"5":[7,4]},"_coverageSchema":"1a1c01bbd47fc00a2c39e90264f33305004495a9","hash":"b40e96c6a06475a486761805b2333b344d7e3c73"}
,"/home/runner/work/Rahnuma/Rahnuma/backend/src/api/middleware/rateLimit.js": {"path":"/home/runner/work/Rahnuma/Rahnuma/backend/src/api/middleware/rateLimit.js","statementMap":{"0":{"start":{"line":3,"column":18},"end":{"line":3,"column":47}},"1":{"start":{"line":5,"column":17},"end":{"line":5,"column":74}},"2":{"start":{"line":6,"column":12},"end":{"line":6,"column":70}},"3":{"start":{"line":8,"column":0},"end":{"line":14,"column":3}}},"fnMap":{},"branchMap":{"0":{"loc":{"start":{"line":5,"column":26},"end":{"line":5,"column":69}},"type":"binary-expr","locations":[{"start":{"line":5,"column":26},"end":{"line":5,"column":58}},{"start":{"line":5,"column":62},"end":{"line":5,"column":69}}],"line":5},"1":{"loc":{"start":{"line":6,"column":21},"end":{"line":6,"column":65}},"type":"binary-expr","locations":[{"start":{"line":6,"column":21},"end":{"line":6,"column":56}},{"start":{"line":6,"column":60},"end":{"line":6,"column":65}}],"line":6}},"s":{"0":8,"1":8,"2":8,"3":8},"f":{},"b":{"0":[8,8],"1":[8,8]},"_coverageSchema":"1a1c01bbd47fc00a2c39e90264f33305004495a9","hash":"bc0c0db02156aacb199c8f8a040bdd8ec359a6f6"}
,"/home/runner/work/Rahnuma/Rahnuma/backend/src/api/middleware/validation.js": {"path":"/home/runner/work/Rahnuma/Rahnuma/backend/src/api/middleware/validation.js","statementMap":{"0":{"start":{"line":3,"column":29},"end":{"line":3,"column":57}},"1":{"start":{"line":9,"column":0},"end":{"line":14,"column":2}},"2":{"start":{"line":10,"column":2},"end":{"line":12,"column":3}},"3":{"start":{"line":11,"column":4},"end":{"line":11,"column":64}},"4":{"start":{"line":13,"column":2},"end":{"line":13,"column":12}}},"fnMap":{"0":{"name":"validationErrorHandler","decl":{"start":{"line":9,"column":26},"end":{"line":9,"column":48}},"loc":{"start":{"line":9,"column":70},"end":{"line":14,"column":1}},"line":9}},"branchMap":{"0":{"loc":{"start":{"line":10,"column":2},"end":{"line":12,"column":3}},"type":"if","locations":[{"start":{"line":10,"column":2},"end":{"line":12,"column":3}},{"start":{},"end":{}}],"line":10},"1":{"loc":{"start":{"line":10,"column":6},"end":{"line":10,"column":47}},"type":"binary-expr","locations":[{"start":{"line":10,"column":6},"end":{"line":10,"column":9}},{"start":{"line":10,"column":13},"end":{"line":10,"column":47}}],"line":10}},"s":{"0":8,"1":8,"2":0,"3":0,"4":0},"f":{"0":0},"b":{"0":[0,0],"1":[0,0]},"_coverageSchema":"1a1c01bbd47fc00a2c39e90264f33305004495a9","hash":"cc54e8ee4624871dcf08d1b913cfbc5ac08344b2"}
,"/home/runner/work/Rahnuma/Rahnuma/backend/src/api/routes/auth.js": {"path":"/home/runner/work/Rahnuma/Rahnuma/backend/src/api/routes/auth.js","statementMap":{"0":{"start":{"line":3,"column":16},"end":{"line":3,"column":34}},"1":{"start":{"line":4,"column":35},"end":{"line":4,"column":63}},"2":{"start":{"line":5,"column":15},"end":{"line":5,"column":34}},"3":{"start":{"line":6,"column":20},"end":{"line":6,"column":54}},"4":{"start":{"line":7,"column":46},"end":{"line":7,"column":77}},"5":{"start":{"line":8,"column":23},"end":{"line":8,"column":52}},"6":{"start":{"line":9,"column":15},"end":{"line":9,"column":44}},"7":{"start":{"line":11,"column":15},"end":{"line":11,"column":31}},"8":{"start":{"line":13,"column":22},"end":{"line":13,"column":24}},"9":{"start":{"line":14,"column":27},"end":{"line":14,"column":29}},"10":{"start":{"line":17,"column":0},"end":{"line":70,"column":2}},"11":{"start":{"line":26,"column":19},"end":{"line":26,"column":40}},"12":{"start":{"line":27,"column":4},"end":{"line":27,"column":83}},"13":{"start":{"line":27,"column":27},"end":{"line":27,"column":83}},"14":{"start":{"line":29,"column":45},"end":{"line":29,"column":53}},"15":{"start":{"line":30,"column":4},"end":{"line":32,"column":5}},"16":{"start":{"line":31,"column":6},"end":{"line":31,"column":91}},"17":{"start":{"line":34,"column":4},"end":{"line":68,"column":5}},"18":{"start":{"line":35,"column":19},"end":{"line":35,"column":28}},"19":{"start":{"line":36,"column":27},"end":{"line":36,"column":69}},"20":{"start":{"line":39,"column":29},"end":{"line":39,"column":66}},"21":{"start":{"line":40,"column":23},"end":{"line":40,"column":37}},"22":{"start":{"line":42,"column":23},"end":{"line":47,"column":7}},"23":{"start":{"line":49,"column":21},"end":{"line":49,"column":31}},"24":{"start":{"line":50,"column":26},"end":{"line":50,"column":71}},"25":{"start":{"line":51,"column":27},"end":{"line":51,"column":45}},"26":{"start":{"line":52,"column":24},"end":{"line":52,"column":87}},"27":{"start":{"line":54,"column":6},"end":{"line":58,"column":8}},"28":{"start":{"line":60,"column":6},"end":{"line":60,"column":58}},"29":{"start":{"line":62,"column":6},"end":{"line":65,"column":7}},"30":{"start":{"line":64,"column":8},"end":{"line":64,"column":84}},"31":{"start":{"line":66,"column":6},"end":{"line":66,"column":51}},"32":{"start":{"line":67,"column":6},"end":{"line":67,"column":16}},"33":{"start":{"line":73,"column":0},"end":{"line":124,"column":2}},"34":{"start":{"line":81,"column":19},"end":{"line":81,"column":40}},"35":{"start":{"line":82,"column":4},"end":{"line":82,"column":83}},"36":{"start":{"line":82,"column":27},"end":{"line":82,"column":83}},"37":{"start":{"line":84,"column":39},"end":{"line":84,"column":47}},"38":{"start":{"line":85,"column":4},"end":{"line":87,"column":5}},"39":{"start":{"line":86,"column":6},"end":{"line":86,"column":91}},"40":{"start":{"line":89,"column":4},"end":{"line":122,"column":5}},"41":{"start":{"line":90,"column":19},"end":{"line":90,"column":28}},"42":{"start":{"line":91,"column":29},"end":{"line":91,"column":66}},"43":{"start":{"line":93,"column":23},"end":{"line":96,"column":7}},"44":{"start":{"line":98,"column":6},"end":{"line":100,"column":7}},"45":{"start":{"line":99,"column":8},"end":{"line":99,"column":70}},"46":{"start":{"line":102,"column":19},"end":{"line":102,"column":26}},"47":{"start":{"line":103,"column":20},"end":{"line":103,"column":70}},"48":{"start":{"line":104,"column":6},"end":{"line":106,"column":7}},"49":{"start":{"line":105,"column":8},"end":{"line":105,"column":70}},"50":{"start":{"line":108,"column":26},"end":{"line":108,"column":72}},"51":{"start":{"line":109,"column":27},"end":{"line":109,"column":45}},"52":{"start":{"line":110,"column":24},"end":{"line":110,"column":87}},"53":{"start":{"line":112,"column":6},"end":{"line":116,"column":8}},"54":{"start":{"line":118,"column":6},"end":{"line":118,"column":46}},"55":{"start":{"line":120,"column":6},"end":{"line":120,"column":44}},"56":{"start":{"line":121,"column":6},"end":{"line":121,"column":16}},"57":{"start":{"line":127,"column":0},"end":{"line":166,"column":2}},"58":{"start":{"line":131,"column":19},"end":{"line":131,"column":40}},"59":{"start":{"line":132,"column":4},"end":{"line":132,"column":83}},"60":{"start":{"line":132,"column":27},"end":{"line":132,"column":83}},"61":{"start":{"line":134,"column":29},"end":{"line":134,"column":37}},"62":{"start":{"line":136,"column":4},"end":{"line":164,"column":5}},"63":{"start":{"line":137,"column":19},"end":{"line":137,"column":28}},"64":{"start":{"line":138,"column":23},"end":{"line":143,"column":7}},"65":{"start":{"line":145,"column":6},"end":{"line":147,"column":7}},"66":{"start":{"line":146,"column":8},"end":{"line":146,"column":72}},"67":{"start":{"line":149,"column":21},"end":{"line":149,"column":28}},"68":{"start":{"line":151,"column":6},"end":{"line":153,"column":7}},"69":{"start":{"line":152,"column":8},"end":{"line":152,"column":81}},"70":{"start":{"line":155,"column":6},"end":{"line":157,"column":7}},"71":{"start":{"line":156,"column":8},"end":{"line":156,"column":76}},"72":{"start":{"line":159,"column":26},"end":{"line":159,"column":79}},"73":{"start":{"line":160,"column":6},"end":{"line":160,"column":32}},"74":{"start":{"line":162,"column":6},"end":{"line":162,"column":52}},"75":{"start":{"line":163,"column":6},"end":{"line":163,"column":16}},"76":{"start":{"line":169,"column":0},"end":{"line":194,"column":2}},"77":{"start":{"line":174,"column":19},"end":{"line":174,"column":40}},"78":{"start":{"line":175,"column":4},"end":{"line":175,"column":83}},"79":{"start":{"line":175,"column":27},"end":{"line":175,"column":83}},"80":{"start":{"line":177,"column":29},"end":{"line":177,"column":37}},"81":{"start":{"line":179,"column":4},"end":{"line":192,"column":5}},"82":{"start":{"line":180,"column":19},"end":{"line":180,"column":28}},"83":{"start":{"line":181,"column":6},"end":{"line":186,"column":8}},"84":{"start":{"line":188,"column":6},"end":{"line":188,"column":28}},"85":{"start":{"line":190,"column":6},"end":{"line":190,"column":45}},"86":{"start":{"line":191,"column":6},"end":{"line":191,"column":16}},"87":{"start":{"line":196,"column":0},"end":{"line":196,"column":24}}},"fnMap":{"0":{"name":"(anonymous_0)","decl":{"start":{"line":25,"column":2},"end":{"line":25,"column":3}},"loc":{"start":{"line":25,"column":28},"end":{"line":69,"column":3}},"line":25},"1":{"name":"(anonymous_1)","decl":{"start":{"line":80,"column":2},"end":{"line":80,"column":3}},"loc":{"start":{"line":80,"column":28},"end":{"line":123,"column":3}},"line":80},"2":{"name":"(anonymous_2)","decl":{"start":{"line":130,"column":2},"end":{"line":130,"column":3}},"loc":{"start":{"line":130,"column":28},"end":{"line":165,"column":3}},"line":130},"3":{"name":"(anonymous_3)","decl":{"start":{"line":173,"column":2},"end":{"line":173,"column":3}},"loc":{"start":{"line":173,"column":28},"end":{"line":193,"column":3}},"line":173}},"branchMap":{"0":{"loc":{"start":{"line":27,"column":4},"end":{"line":27,"column":83}},"type":"if","locations":[{"start":{"line":27,"column":4},"end":{"line":27,"column":83}},{"start":{},"end":{}}],"line":27},"1":{"loc":{"start":{"line":30,"column":4},"end":{"line":32,"column":5}},"type":"if","locations":[{"start":{"line":30,"column":4},"end":{"line":32,"column":5}},{"start":{},"end":{}}],"line":30},"2":{"loc":{"start":{"line":30,"column":8},"end":{"line":30,"column":24}},"type":"binary-expr","locations":[{"start":{"line":30,"column":8},"end":{"line":30,"column":14}},{"start":{"line":30,"column":18},"end":{"line":30,"column":24}}],"line":30},"3":{"loc":{"start":{"line":39,"column":29},"end":{"line":39,"column":66}},"type":"binary-expr","locations":[{"start":{"line":39,"column":29},"end":{"line":39,"column":34}},{"start":{"line":39,"column":38},"end":{"line":39,"column":66}}],"line":39},"4":{"loc":{"start":{"line":40,"column":23},"end":{"line":40,"column":37}},"type":"binary-expr","locations":[{"start":{"line":40,"column":23},"end":{"line":40,"column":28}},{"start":{"line":40,"column":32},"end":{"line":40,"column":37}}],"line":40},"5":{"loc":{"start":{"line":46,"column":49},"end":{"line":46,"column":61}},"type":"binary-expr","locations":[{"start":{"line":46,"column":49},"end":{"line":46,"column":53}},{"start":{"line":46,"column":57},"end":{"line":46,"column":61}}],"line":46},"6":{"loc":{"start":{"line":62,"column":6},"end":{"line":65,"column":7}},"type":"if","locations":[{"start":{"line":62,"column":6},"end":{"line":65,"column":7}},{"start":{},"end":{}}],"line":62},"7":{"loc":{"start":{"line":82,"column":4},"end":{"line":82,"column":83}},"type":"if","locations":[{"start":{"line":82,"column":4},"end":{"line":82,"column":83}},{"start":{},"end":{}}],"line":82},"8":{"loc":{"start":{"line":85,"column":4},"end":{"line":87,"column":5}},"type":"if","locations":[{"start":{"line":85,"column":4},"end":{"line":87,"column":5}},{"start":{},"end":{}}],"line":85},"9":{"loc":{"start":{"line":85,"column":8},"end":{"line":85,"column":24}},"type":"binary-expr","locations":[{"start":{"line":85,"column":8},"end":{"line":85,"column":14}},{"start":{"line":85,"column":18},"end":{"line":85,"column":24}}],"line":85},"10":{"loc":{"start":{"line":91,"column":29},"end":{"line":91,"column":66}},"type":"binary-expr","locations":[{"start":{"line":91,"column":29},"end":{"line":91,"column":34}},{"start":{"line":91,"column":38},"end":{"line":91,"column":66}}],"line":91},"11":{"loc":{"start":{"line":98,"column":6},"end":{"line":100,"column":7}},"type":"if","locations":[{"start":{"line":98,"column":6},"end":{"line":100,"column":7}},{"start":{},"end":{}}],"line":98},"12":{"loc":{"start":{"line":104,"column":6},"end":{"line":106,"column":7}},"type":"if","locations":[{"start":{"line":104,"column":6},"end":{"line":106,"column":7}},{"start":{},"end":{}}],"line":104},"13":{"loc":{"start":{"line":132,"column":4},"end":{"line":132,"column":83}},"type":"if","locations":[{"start":{"line":132,"column":4},"end":{"line":132,"column":83}},{"start":{},"end":{}}],"line":132},"14":{"loc":{"start":{"line":145,"column":6},"end":{"line":147,"column":7}},"type":"if","locations":[{"start":{"line":145,"column":6},"end":{"line":147,"column":7}},{"start":{},"end":{}}],"line":145},"15":{"loc":{"start":{"line":151,"column":6},"end":{"line":153,"column":7}},"type":"if","locations":[{"start":{"line":151,"column":6},"end":{"line":153,"column":7}},{"start":{},"end":{}}],"line":151},"16":{"loc":{"start":{"line":155,"column":6},"end":{"line":157,"column":7}},"type":"if","locations":[{"start":{"line":155,"column":6},"end":{"line":157,"column":7}},{"start":{},"end":{}}],"line":155},"17":{"loc":{"start":{"line":175,"column":4},"end":{"line":175,"column":83}},"type":"if","locations":[{"start":{"line":175,"column":4},"end":{"line":175,"column":83}},{"start":{},"end":{}}],"line":175}},"s":{"0":8,"1":8,"2":8,"3":8,"4":8,"5":8,"6":8,"7":8,"8":8,"9":8,"10":8,"11":3,"12":3,"13":0,"14":3,"15":3,"16":1,"17":2,"18":2,"19":2,"20":2,"21":2,"22":2,"23":1,"24":1,"25":1,"26":1,"27":1,"28":1,"29":1,"30":1,"31":0,"32":0,"33":8,"34":3,"35":3,"36":0,"37":3,"38":3,"39":0,"40":3,"41":3,"42":3,"43":3,"44":3,"45":1,"46":2,"47":2,"48":2,"49":1,"50":1,"51":1,"52":1,"53":1,"54":1,"55":0,"56":0,"57":8,"58":4,"59":4,"60":0,"61":4,"62":4,"63":4,"64":4,"65":4,"66":1,"67":3,"68":3,"69":1,"70":2,"71":1,"72":1,"73":1,"74":0,"75":0,"76":8,"77":1,"78":1,"79":0,"80":1,"81":1,"82":1,"83":1,"84":1,"85":0,"86":0,"87":8},"f":{"0":3,"1":3,"2":4,"3":1},"b":{"0":[0,3],"1":[1,2],"2":[3,1],"3":[2,0],"4":[2,0],"5":[2,0],"6":[1,0],"7":[0,3],"8":[0,3],"9":[3,0],"10":[3,0],"11":[1,2],"12":[1,1],"13":[0,4],"14":[1,3],"15":[1,2],"16":[1,1],"17":[0,1]},"_coverageSchema":"1a1c01bbd47fc00a2c39e90264f33305004495a9","hash":"f90888c796f57b340c13ee64c1fb801280413ff3"}
,"/home/runner/work/Rahnuma/Rahnuma/backend/src/api/routes/events.js": {"path":"/home/runner/work/Rahnuma/Rahnuma/backend/src/api/routes/events.js","statementMap":{"0":{"start":{"line":3,"column":16},"end":{"line":3,"column":34}},"1":{"start":{"line":4,"column":42},"end":{"line":4,"column":70}},"2":{"start":{"line":5,"column":20},"end":{"line":5,"column":54}},"3":{"start":{"line":6,"column":15},"end":{"line":6,"column":44}},"4":{"start":{"line":7,"column":23},"end":{"line":7,"column":52}},"5":{"start":{"line":9,"column":15},"end":{"line":9,"column":31}},"6":{"start":{"line":15,"column":0},"end":{"line":62,"column":2}},"7":{"start":{"line":26,"column":19},"end":{"line":26,"column":40}},"8":{"start":{"line":27,"column":4},"end":{"line":27,"column":83}},"9":{"start":{"line":27,"column":27},"end":{"line":27,"column":83}},"10":{"start":{"line":29,"column":4},"end":{"line":60,"column":5}},"11":{"start":{"line":30,"column":68},"end":{"line":30,"column":77}},"12":{"start":{"line":31,"column":19},"end":{"line":31,"column":28}},"13":{"start":{"line":33,"column":16},"end":{"line":39,"column":7}},"14":{"start":{"line":40,"column":21},"end":{"line":45,"column":7}},"15":{"start":{"line":47,"column":6},"end":{"line":50,"column":7}},"16":{"start":{"line":48,"column":8},"end":{"line":48,"column":57}},"17":{"start":{"line":49,"column":8},"end":{"line":49,"column":26}},"18":{"start":{"line":52,"column":6},"end":{"line":52,"column":69}},"19":{"start":{"line":53,"column":6},"end":{"line":53,"column":25}},"20":{"start":{"line":55,"column":23},"end":{"line":55,"column":52}},"21":{"start":{"line":56,"column":6},"end":{"line":56,"column":33}},"22":{"start":{"line":58,"column":6},"end":{"line":58,"column":54}},"23":{"start":{"line":59,"column":6},"end":{"line":59,"column":16}},"24":{"start":{"line":73,"column":0},"end":{"line":110,"column":2}},"25":{"start":{"line":84,"column":19},"end":{"line":84,"column":40}},"26":{"start":{"line":85,"column":4},"end":{"line":85,"column":83}},"27":{"start":{"line":85,"column":27},"end":{"line":85,"column":83}},"28":{"start":{"line":87,"column":4},"end":{"line":108,"column":5}},"29":{"start":{"line":88,"column":19},"end":{"line":88,"column":28}},"30":{"start":{"line":89,"column":21},"end":{"line":89,"column":32}},"31":{"start":{"line":91,"column":23},"end":{"line":91,"column":25}},"32":{"start":{"line":92,"column":6},"end":{"line":102,"column":7}},"33":{"start":{"line":93,"column":53},"end":{"line":93,"column":55}},"34":{"start":{"line":94,"column":25},"end":{"line":100,"column":9}},"35":{"start":{"line":101,"column":8},"end":{"line":101,"column":47}},"36":{"start":{"line":101,"column":21},"end":{"line":101,"column":47}},"37":{"start":{"line":104,"column":6},"end":{"line":104,"column":73}},"38":{"start":{"line":106,"column":6},"end":{"line":106,"column":55}},"39":{"start":{"line":107,"column":6},"end":{"line":107,"column":16}},"40":{"start":{"line":112,"column":0},"end":{"line":112,"column":24}}},"fnMap":{"0":{"name":"(anonymous_0)","decl":{"start":{"line":25,"column":2},"end":{"line":25,"column":3}},"loc":{"start":{"line":25,"column":28},"end":{"line":61,"column":3}},"line":25},"1":{"name":"(anonymous_1)","decl":{"start":{"line":83,"column":2},"end":{"line":83,"column":3}},"loc":{"start":{"line":83,"column":28},"end":{"line":109,"column":3}},"line":83}},"branchMap":{"0":{"loc":{"start":{"line":27,"column":4},"end":{"line":27,"column":83}},"type":"if","locations":[{"start":{"line":27,"column":4},"end":{"line":27,"column":83}},{"start":{},"end":{}}],"line":27},"1":{"loc":{"start":{"line":30,"column":52},"end":{"line":30,"column":63}},"type":"default-arg","locations":[{"start":{"line":30,"column":60},"end":{"line":30,"column":63}}],"line":30},"2":{"loc":{"start":{"line":47,"column":6},"end":{"line":50,"column":7}},"type":"if","locations":[{"start":{"line":47,"column":6},"end":{"line":50,"column":7}},{"start":{},"end":{}}],"line":47},"3":{"loc":{"start":{"line":85,"column":4},"end":{"line":85,"column":83}},"type":"if","locations":[{"start":{"line":85,"column":4},"end":{"line":85,"column":83}},{"start":{},"end":{}}],"line":85},"4":{"loc":{"start":{"line":101,"column":8},"end":{"line":101,"column":47}},"type":"if","locations":[{"start":{"line":101,"column":8},"end":{"line":101,"column":47}},{"start":{},"end":{}}],"line":101}},"s":{"0":8,"1":8,"2":8,"3":8,"4":8,"5":8,"6":8,"7":2,"8":2,"9":1,"10":1,"11":1,"12":1,"13":1,"14":1,"15":1,"16":0,"17":0,"18":1,"19":1,"20":1,"21":1,"22":0,"23":0,"24":8,"25":2,"26":2,"27":1,"28":1,"29":1,"30":1,"31":1,"32":1,"33":1,"34":1,"35":1,"36":1,"37":1,"38":0,"39":0,"40":8},"f":{"0":2,"1":2},"b":{"0":[1,1],"1":[1],"2":[0,1],"3":[1,1],"4":[1,0]},"_coverageSchema":"1a1c01bbd47fc00a2c39e90264f33305004495a9","hash":"8279e8c76d6ab141a390eb4fbb41f4133de6ede9"}
,"/home/runner/work/Rahnuma/Rahnuma/backend/src/api/routes/offline.js": {"path":"/home/runner/work/Rahnuma/Rahnuma/backend/src/api/routes/offline.js","statementMap":{"0":{"start":{"line":3,"column":16},"end":{"line":3,"column":34}},"1":{"start":{"line":4,"column":13},"end":{"line":4,"column":28}},"2":{"start":{"line":5,"column":11},"end":{"line":5,"column":24}},"3":{"start":{"line":6,"column":23},"end":{"line":6,"column":63}},"4":{"start":{"line":8,"column":15},"end":{"line":8,"column":31}},"5":{"start":{"line":14,"column":0},"end":{"line":21,"column":3}},"6":{"start":{"line":15,"column":2},"end":{"line":20,"column":3}},"7":{"start":{"line":16,"column":21},"end":{"line":16,"column":56}},"8":{"start":{"line":17,"column":4},"end":{"line":17,"column":27}},"9":{"start":{"line":19,"column":4},"end":{"line":19,"column":14}},"10":{"start":{"line":27,"column":0},"end":{"line":43,"column":3}},"11":{"start":{"line":28,"column":2},"end":{"line":42,"column":3}},"12":{"start":{"line":29,"column":21},"end":{"line":29,"column":31}},"13":{"start":{"line":30,"column":21},"end":{"line":30,"column":62}},"14":{"start":{"line":32,"column":4},"end":{"line":34,"column":5}},"15":{"start":{"line":33,"column":6},"end":{"line":33,"column":80}},"16":{"start":{"line":36,"column":21},"end":{"line":36,"column":38}},"17":{"start":{"line":37,"column":4},"end":{"line":37,"column":79}},"18":{"start":{"line":38,"column":4},"end":{"line":38,"column":59}},"19":{"start":{"line":39,"column":4},"end":{"line":39,"column":41}},"20":{"start":{"line":41,"column":4},"end":{"line":41,"column":14}},"21":{"start":{"line":45,"column":0},"end":{"line":45,"column":24}}},"fnMap":{"0":{"name":"(anonymous_0)","decl":{"start":{"line":14,"column":24},"end":{"line":14,"column":25}},"loc":{"start":{"line":14,"column":51},"end":{"line":21,"column":1}},"line":14},"1":{"name":"(anonymous_1)","decl":{"start":{"line":27,"column":30},"end":{"line":27,"column":31}},"loc":{"start":{"line":27,"column":56},"end":{"line":43,"column":1}},"line":27}},"branchMap":{"0":{"loc":{"start":{"line":32,"column":4},"end":{"line":34,"column":5}},"type":"if","locations":[{"start":{"line":32,"column":4},"end":{"line":34,"column":5}},{"start":{},"end":{}}],"line":32},"1":{"loc":{"start":{"line":32,"column":8},"end":{"line":32,"column":45}},"type":"binary-expr","locations":[{"start":{"line":32,"column":8},"end":{"line":32,"column":17}},{"start":{"line":32,"column":21},"end":{"line":32,"column":45}}],"line":32}},"s":{"0":8,"1":8,"2":8,"3":8,"4":8,"5":8,"6":1,"7":1,"8":1,"9":0,"10":8,"11":1,"12":1,"13":1,"14":1,"15":1,"16":0,"17":0,"18":0,"19":0,"20":0,"21":8},"f":{"0":1,"1":1},"b":{"0":[1,0],"1":[1,0]},"_coverageSchema":"1a1c01bbd47fc00a2c39e90264f33305004495a9","hash":"6fac1ca3cb285b56318fd3e1360e490990a104ba"}
,"/home/runner/work/Rahnuma/Rahnuma/backend/src/api/routes/pois.js": {"path":"/home/runner/work/Rahnuma/Rahnuma/backend/src/api/routes/pois.js","statementMap":{"0":{"start":{"line":3,"column":16},"end":{"line":3,"column":34}},"1":{"start":{"line":4,"column":36},"end":{"line":4,"column":64}},"2":{"start":{"line":5,"column":20},"end":{"line":5,"column":54}},"3":{"start":{"line":6,"column":15},"end":{"line":6,"column":44}},"4":{"start":{"line":8,"column":15},"end":{"line":8,"column":31}},"5":{"start":{"line":16,"column":0},"end":{"line":72,"column":2}},"6":{"start":{"line":27,"column":19},"end":{"line":27,"column":40}},"7":{"start":{"line":28,"column":4},"end":{"line":28,"column":83}},"8":{"start":{"line":28,"column":27},"end":{"line":28,"column":83}},"9":{"start":{"line":30,"column":4},"end":{"line":70,"column":5}},"10":{"start":{"line":31,"column":71},"end":{"line":31,"column":80}},"11":{"start":{"line":32,"column":19},"end":{"line":32,"column":28}},"12":{"start":{"line":34,"column":16},"end":{"line":49,"column":7}},"13":{"start":{"line":50,"column":21},"end":{"line":55,"column":7}},"14":{"start":{"line":57,"column":6},"end":{"line":60,"column":7}},"15":{"start":{"line":58,"column":8},"end":{"line":58,"column":55}},"16":{"start":{"line":59,"column":8},"end":{"line":59,"column":30}},"17":{"start":{"line":62,"column":6},"end":{"line":62,"column":44}},"18":{"start":{"line":63,"column":6},"end":{"line":63,"column":25}},"19":{"start":{"line":65,"column":23},"end":{"line":65,"column":52}},"20":{"start":{"line":66,"column":6},"end":{"line":66,"column":31}},"21":{"start":{"line":68,"column":6},"end":{"line":68,"column":52}},"22":{"start":{"line":69,"column":6},"end":{"line":69,"column":16}},"23":{"start":{"line":78,"column":0},"end":{"line":108,"column":3}},"24":{"start":{"line":79,"column":2},"end":{"line":107,"column":3}},"25":{"start":{"line":80,"column":17},"end":{"line":80,"column":26}},"26":{"start":{"line":81,"column":21},"end":{"line":97,"column":5}},"27":{"start":{"line":99,"column":4},"end":{"line":101,"column":5}},"28":{"start":{"line":100,"column":6},"end":{"line":100,"column":62}},"29":{"start":{"line":103,"column":4},"end":{"line":103,"column":22}},"30":{"start":{"line":105,"column":4},"end":{"line":105,"column":49}},"31":{"start":{"line":106,"column":4},"end":{"line":106,"column":14}},"32":{"start":{"line":110,"column":0},"end":{"line":110,"column":24}}},"fnMap":{"0":{"name":"(anonymous_0)","decl":{"start":{"line":26,"column":2},"end":{"line":26,"column":3}},"loc":{"start":{"line":26,"column":28},"end":{"line":71,"column":3}},"line":26},"1":{"name":"(anonymous_1)","decl":{"start":{"line":78,"column":19},"end":{"line":78,"column":20}},"loc":{"start":{"line":78,"column":45},"end":{"line":108,"column":1}},"line":78}},"branchMap":{"0":{"loc":{"start":{"line":28,"column":4},"end":{"line":28,"column":83}},"type":"if","locations":[{"start":{"line":28,"column":4},"end":{"line":28,"column":83}},{"start":{},"end":{}}],"line":28},"1":{"loc":{"start":{"line":31,"column":56},"end":{"line":31,"column":66}},"type":"default-arg","locations":[{"start":{"line":31,"column":64},"end":{"line":31,"column":66}}],"line":31},"2":{"loc":{"start":{"line":57,"column":6},"end":{"line":60,"column":7}},"type":"if","locations":[{"start":{"line":57,"column":6},"end":{"line":60,"column":7}},{"start":{},"end":{}}],"line":57},"3":{"loc":{"start":{"line":99,"column":4},"end":{"line":101,"column":5}},"type":"if","locations":[{"start":{"line":99,"column":4},"end":{"line":101,"column":5}},{"start":{},"end":{}}],"line":99}},"s":{"0":8,"1":8,"2":8,"3":8,"4":8,"5":8,"6":2,"7":2,"8":1,"9":1,"10":1,"11":1,"12":1,"13":1,"14":1,"15":0,"16":0,"17":1,"18":1,"19":1,"20":1,"21":0,"22":0,"23":8,"24":2,"25":2,"26":2,"27":2,"28":1,"29":1,"30":0,"31":0,"32":8},"f":{"0":2,"1":2},"b":{"0":[1,1],"1":[1],"2":[0,1],"3":[1,1]},"_coverageSchema":"1a1c01bbd47fc00a2c39e90264f33305004495a9","hash":"6d995417ad178027965bcc445cd31b23d7120def"}
,"/home/runner/work/Rahnuma/Rahnuma/backend/src/api/routes/reports.js": {"path":"/home/runner/work/Rahnuma/Rahnuma/backend/src/api/routes/reports.js","statementMap":{"0":{"start":{"line":3,"column":16},"end":{"line":3,"column":34}},"1":{"start":{"line":4,"column":42},"end":{"line":4,"column":70}},"2":{"start":{"line":5,"column":20},"end":{"line":5,"column":54}},"3":{"start":{"line":6,"column":23},"end":{"line":6,"column":52}},"4":{"start":{"line":7,"column":15},"end":{"line":7,"column":44}},"5":{"start":{"line":9,"column":15},"end":{"line":9,"column":31}},"6":{"start":{"line":11,"column":27},"end":{"line":11,"column":84}},"7":{"start":{"line":12,"column":25},"end":{"line":12,"column":56}},"8":{"start":{"line":18,"column":0},"end":{"line":54,"column":2}},"9":{"start":{"line":34,"column":19},"end":{"line":34,"column":40}},"10":{"start":{"line":35,"column":4},"end":{"line":35,"column":83}},"11":{"start":{"line":35,"column":27},"end":{"line":35,"column":83}},"12":{"start":{"line":37,"column":4},"end":{"line":52,"column":5}},"13":{"start":{"line":38,"column":76},"end":{"line":38,"column":84}},"14":{"start":{"line":39,"column":19},"end":{"line":39,"column":28}},"15":{"start":{"line":41,"column":23},"end":{"line":46,"column":7}},"16":{"start":{"line":48,"column":6},"end":{"line":48,"column":47}},"17":{"start":{"line":50,"column":6},"end":{"line":50,"column":55}},"18":{"start":{"line":51,"column":6},"end":{"line":51,"column":16}},"19":{"start":{"line":61,"column":0},"end":{"line":114,"column":2}},"20":{"start":{"line":71,"column":19},"end":{"line":71,"column":40}},"21":{"start":{"line":72,"column":4},"end":{"line":72,"column":83}},"22":{"start":{"line":72,"column":27},"end":{"line":72,"column":83}},"23":{"start":{"line":74,"column":4},"end":{"line":112,"column":5}},"24":{"start":{"line":75,"column":55},"end":{"line":75,"column":64}},"25":{"start":{"line":76,"column":19},"end":{"line":76,"column":28}},"26":{"start":{"line":78,"column":16},"end":{"line":92,"column":7}},"27":{"start":{"line":93,"column":21},"end":{"line":98,"column":7}},"28":{"start":{"line":100,"column":6},"end":{"line":103,"column":7}},"29":{"start":{"line":101,"column":8},"end":{"line":101,"column":58}},"30":{"start":{"line":102,"column":8},"end":{"line":102,"column":26}},"31":{"start":{"line":105,"column":6},"end":{"line":105,"column":41}},"32":{"start":{"line":107,"column":23},"end":{"line":107,"column":52}},"33":{"start":{"line":108,"column":6},"end":{"line":108,"column":34}},"34":{"start":{"line":110,"column":6},"end":{"line":110,"column":55}},"35":{"start":{"line":111,"column":6},"end":{"line":111,"column":16}},"36":{"start":{"line":116,"column":0},"end":{"line":116,"column":24}}},"fnMap":{"0":{"name":"(anonymous_0)","decl":{"start":{"line":33,"column":2},"end":{"line":33,"column":3}},"loc":{"start":{"line":33,"column":28},"end":{"line":53,"column":3}},"line":33},"1":{"name":"(anonymous_1)","decl":{"start":{"line":70,"column":2},"end":{"line":70,"column":3}},"loc":{"start":{"line":70,"column":28},"end":{"line":113,"column":3}},"line":70}},"branchMap":{"0":{"loc":{"start":{"line":35,"column":4},"end":{"line":35,"column":83}},"type":"if","locations":[{"start":{"line":35,"column":4},"end":{"line":35,"column":83}},{"start":{},"end":{}}],"line":35},"1":{"loc":{"start":{"line":38,"column":50},"end":{"line":38,"column":71}},"type":"default-arg","locations":[{"start":{"line":38,"column":61},"end":{"line":38,"column":71}}],"line":38},"2":{"loc":{"start":{"line":45,"column":35},"end":{"line":45,"column":54}},"type":"binary-expr","locations":[{"start":{"line":45,"column":35},"end":{"line":45,"column":46}},{"start":{"line":45,"column":50},"end":{"line":45,"column":54}}],"line":45},"3":{"loc":{"start":{"line":72,"column":4},"end":{"line":72,"column":83}},"type":"if","locations":[{"start":{"line":72,"column":4},"end":{"line":72,"column":83}},{"start":{},"end":{}}],"line":72},"4":{"loc":{"start":{"line":100,"column":6},"end":{"line":103,"column":7}},"type":"if","locations":[{"start":{"line":100,"column":6},"end":{"line":103,"column":7}},{"start":{},"end":{}}],"line":100}},"s":{"0":8,"1":8,"2":8,"3":8,"4":8,"5":8,"6":8,"7":8,"8":8,"9":2,"10":2,"11":1,"12":1,"13":1,"14":1,"15":1,"16":1,"17":0,"18":0,"19":8,"20":2,"21":2,"22":1,"23":1,"24":1,"25":1,"26":1,"27":1,"28":1,"29":0,"30":0,"31":1,"32":1,"33":1,"34":0,"35":0,"36":8},"f":{"0":2,"1":2},"b":{"0":[1,1],"1":[0],"2":[1,0],"3":[1,1],"4":[0,1]},"_coverageSchema":"1a1c01bbd47fc00a2c39e90264f33305004495a9","hash":"4f7fdd489446d8af9f15af0151ffd100018c5b46"}
,"/home/runner/work/Rahnuma/Rahnuma/backend/src/api/routes/route.js": {"path":"/home/runner/work/Rahnuma/Rahnuma/backend/src/api/routes/route.js","statementMap":{"0":{"start":{"line":3,"column":16},"end":{"line":3,"column":34}},"1":{"start":{"line":4,"column":42},"end":{"line":4,"column":70}},"2":{"start":{"line":5,"column":20},"end":{"line":5,"column":57}},"3":{"start":{"line":6,"column":15},"end":{"line":6,"column":44}},"4":{"start":{"line":8,"column":15},"end":{"line":8,"column":31}},"5":{"start":{"line":16,"column":0},"end":{"line":40,"column":2}},"6":{"start":{"line":28,"column":19},"end":{"line":28,"column":40}},"7":{"start":{"line":29,"column":4},"end":{"line":29,"column":83}},"8":{"start":{"line":29,"column":27},"end":{"line":29,"column":83}},"9":{"start":{"line":31,"column":4},"end":{"line":38,"column":5}},"10":{"start":{"line":32,"column":67},"end":{"line":32,"column":75}},"11":{"start":{"line":33,"column":20},"end":{"line":33,"column":84}},"12":{"start":{"line":34,"column":6},"end":{"line":34,"column":22}},"13":{"start":{"line":36,"column":6},"end":{"line":36,"column":56}},"14":{"start":{"line":37,"column":6},"end":{"line":37,"column":16}},"15":{"start":{"line":46,"column":0},"end":{"line":64,"column":2}},"16":{"start":{"line":53,"column":19},"end":{"line":53,"column":40}},"17":{"start":{"line":54,"column":4},"end":{"line":54,"column":83}},"18":{"start":{"line":54,"column":27},"end":{"line":54,"column":83}},"19":{"start":{"line":56,"column":4},"end":{"line":62,"column":5}},"20":{"start":{"line":57,"column":27},"end":{"line":57,"column":36}},"21":{"start":{"line":58,"column":22},"end":{"line":58,"column":84}},"22":{"start":{"line":59,"column":6},"end":{"line":59,"column":24}},"23":{"start":{"line":61,"column":6},"end":{"line":61,"column":16}},"24":{"start":{"line":66,"column":0},"end":{"line":66,"column":24}}},"fnMap":{"0":{"name":"(anonymous_0)","decl":{"start":{"line":27,"column":2},"end":{"line":27,"column":3}},"loc":{"start":{"line":27,"column":28},"end":{"line":39,"column":3}},"line":27},"1":{"name":"(anonymous_1)","decl":{"start":{"line":52,"column":2},"end":{"line":52,"column":3}},"loc":{"start":{"line":52,"column":28},"end":{"line":63,"column":3}},"line":52}},"branchMap":{"0":{"loc":{"start":{"line":29,"column":4},"end":{"line":29,"column":83}},"type":"if","locations":[{"start":{"line":29,"column":4},"end":{"line":29,"column":83}},{"start":{},"end":{}}],"line":29},"1":{"loc":{"start":{"line":32,"column":25},"end":{"line":32,"column":40}},"type":"default-arg","locations":[{"start":{"line":32,"column":35},"end":{"line":32,"column":40}}],"line":32},"2":{"loc":{"start":{"line":32,"column":42},"end":{"line":32,"column":62}},"type":"default-arg","locations":[{"start":{"line":32,"column":57},"end":{"line":32,"column":62}}],"line":32},"3":{"loc":{"start":{"line":54,"column":4},"end":{"line":54,"column":83}},"type":"if","locations":[{"start":{"line":54,"column":4},"end":{"line":54,"column":83}},{"start":{},"end":{}}],"line":54}},"s":{"0":8,"1":8,"2":8,"3":8,"4":8,"5":8,"6":4,"7":4,"8":3,"9":1,"10":1,"11":1,"12":1,"13":0,"14":0,"15":8,"16":2,"17":2,"18":1,"19":1,"20":1,"21":1,"22":1,"23":0,"24":8},"f":{"0":4,"1":2},"b":{"0":[3,1],"1":[1],"2":[1],"3":[1,1]},"_coverageSchema":"1a1c01bbd47fc00a2c39e90264f33305004495a9","hash":"75bd7007824414c5d4d358d1f12e55ab5ffabbb2"}
,"/home/runner/work/Rahnuma/Rahnuma/backend/src/api/routes/search.js": {"path":"/home/runner/work/Rahnuma/Rahnuma/backend/src/api/routes/search.js","statementMap":{"0":{"start":{"line":3,"column":16},"end":{"line":3,"column":34}},"1":{"start":{"line":4,"column":36},"end":{"line":4,"column":64}},"2":{"start":{"line":5,"column":25},"end":{"line":5,"column":67}},"3":{"start":{"line":7,"column":15},"end":{"line":7,"column":31}},"4":{"start":{"line":13,"column":0},"end":{"line":39,"column":2}},"5":{"start":{"line":23,"column":19},"end":{"line":23,"column":40}},"6":{"start":{"line":24,"column":4},"end":{"line":24,"column":83}},"7":{"start":{"line":24,"column":27},"end":{"line":24,"column":83}},"8":{"start":{"line":26,"column":4},"end":{"line":37,"column":5}},"9":{"start":{"line":27,"column":52},"end":{"line":27,"column":61}},"10":{"start":{"line":28,"column":22},"end":{"line":33,"column":8}},"11":{"start":{"line":34,"column":6},"end":{"line":34,"column":24}},"12":{"start":{"line":36,"column":6},"end":{"line":36,"column":16}},"13":{"start":{"line":45,"column":0},"end":{"line":63,"column":2}},"14":{"start":{"line":52,"column":19},"end":{"line":52,"column":40}},"15":{"start":{"line":53,"column":4},"end":{"line":53,"column":83}},"16":{"start":{"line":53,"column":27},"end":{"line":53,"column":83}},"17":{"start":{"line":55,"column":4},"end":{"line":61,"column":5}},"18":{"start":{"line":56,"column":27},"end":{"line":56,"column":36}},"19":{"start":{"line":57,"column":21},"end":{"line":57,"column":92}},"20":{"start":{"line":58,"column":6},"end":{"line":58,"column":23}},"21":{"start":{"line":60,"column":6},"end":{"line":60,"column":16}},"22":{"start":{"line":65,"column":0},"end":{"line":65,"column":24}}},"fnMap":{"0":{"name":"(anonymous_0)","decl":{"start":{"line":22,"column":2},"end":{"line":22,"column":3}},"loc":{"start":{"line":22,"column":28},"end":{"line":38,"column":3}},"line":22},"1":{"name":"(anonymous_1)","decl":{"start":{"line":51,"column":2},"end":{"line":51,"column":3}},"loc":{"start":{"line":51,"column":28},"end":{"line":62,"column":3}},"line":51}},"branchMap":{"0":{"loc":{"start":{"line":24,"column":4},"end":{"line":24,"column":83}},"type":"if","locations":[{"start":{"line":24,"column":4},"end":{"line":24,"column":83}},{"start":{},"end":{}}],"line":24},"1":{"loc":{"start":{"line":27,"column":27},"end":{"line":27,"column":37}},"type":"default-arg","locations":[{"start":{"line":27,"column":35},"end":{"line":27,"column":37}}],"line":27},"2":{"loc":{"start":{"line":29,"column":13},"end":{"line":29,"column":46}},"type":"cond-expr","locations":[{"start":{"line":29,"column":19},"end":{"line":29,"column":34}},{"start":{"line":29,"column":37},"end":{"line":29,"column":46}}],"line":29},"3":{"loc":{"start":{"line":30,"column":13},"end":{"line":30,"column":46}},"type":"cond-expr","locations":[{"start":{"line":30,"column":19},"end":{"line":30,"column":34}},{"start":{"line":30,"column":37},"end":{"line":30,"column":46}}],"line":30},"4":{"loc":{"start":{"line":53,"column":4},"end":{"line":53,"column":83}},"type":"if","locations":[{"start":{"line":53,"column":4},"end":{"line":53,"column":83}},{"start":{},"end":{}}],"line":53}},"s":{"0":8,"1":8,"2":8,"3":8,"4":8,"5":2,"6":2,"7":1,"8":1,"9":1,"10":1,"11":1,"12":0,"13":8,"14":2,"15":2,"16":1,"17":1,"18":1,"19":1,"20":1,"21":0,"22":8},"f":{"0":2,"1":2},"b":{"0":[1,1],"1":[1],"2":[0,1],"3":[0,1],"4":[1,1]},"_coverageSchema":"1a1c01bbd47fc00a2c39e90264f33305004495a9","hash":"bdea003ec474d07d2ec7d79ffc7fc859d60f6fcf"}
,"/home/runner/work/Rahnuma/Rahnuma/backend/src/api/websocket/liveTracking.js": {"path":"/home/runner/work/Rahnuma/Rahnuma/backend/src/api/websocket/liveTracking.js","statementMap":{"0":{"start":{"line":3,"column":28},"end":{"line":3,"column":41}},"1":{"start":{"line":4,"column":15},"end":{"line":4,"column":44}},"2":{"start":{"line":7,"column":17},"end":{"line":7,"column":26}},"3":{"start":{"line":14,"column":14},"end":{"line":14,"column":58}},"4":{"start":{"line":16,"column":2},"end":{"line":40,"column":5}},"5":{"start":{"line":17,"column":16},"end":{"line":17,"column":52}},"6":{"start":{"line":18,"column":22},"end":{"line":18,"column":77}},"7":{"start":{"line":20,"column":4},"end":{"line":20,"column":53}},"8":{"start":{"line":21,"column":4},"end":{"line":21,"column":32}},"9":{"start":{"line":23,"column":4},"end":{"line":30,"column":7}},"10":{"start":{"line":24,"column":6},"end":{"line":29,"column":7}},"11":{"start":{"line":25,"column":20},"end":{"line":25,"column":46}},"12":{"start":{"line":26,"column":8},"end":{"line":26,"column":42}},"13":{"start":{"line":28,"column":8},"end":{"line":28,"column":59}},"14":{"start":{"line":32,"column":4},"end":{"line":35,"column":7}},"15":{"start":{"line":33,"column":6},"end":{"line":33,"column":33}},"16":{"start":{"line":34,"column":6},"end":{"line":34,"column":58}},"17":{"start":{"line":37,"column":4},"end":{"line":37,"column":81}},"18":{"start":{"line":37,"column":28},"end":{"line":37,"column":79}},"19":{"start":{"line":39,"column":4},"end":{"line":39,"column":62}},"20":{"start":{"line":42,"column":2},"end":{"line":42,"column":46}},"21":{"start":{"line":49,"column":2},"end":{"line":62,"column":3}},"22":{"start":{"line":52,"column":6},"end":{"line":52,"column":69}},"23":{"start":{"line":53,"column":6},"end":{"line":53,"column":61}},"24":{"start":{"line":54,"column":6},"end":{"line":54,"column":12}},"25":{"start":{"line":57,"column":6},"end":{"line":57,"column":64}},"26":{"start":{"line":58,"column":6},"end":{"line":58,"column":12}},"27":{"start":{"line":61,"column":6},"end":{"line":61,"column":78}},"28":{"start":{"line":69,"column":13},"end":{"line":69,"column":36}},"29":{"start":{"line":70,"column":2},"end":{"line":72,"column":3}},"30":{"start":{"line":71,"column":4},"end":{"line":71,"column":37}},"31":{"start":{"line":75,"column":0},"end":{"line":75,"column":50}}},"fnMap":{"0":{"name":"initWebSocket","decl":{"start":{"line":13,"column":9},"end":{"line":13,"column":22}},"loc":{"start":{"line":13,"column":31},"end":{"line":43,"column":1}},"line":13},"1":{"name":"(anonymous_1)","decl":{"start":{"line":16,"column":23},"end":{"line":16,"column":24}},"loc":{"start":{"line":16,"column":36},"end":{"line":40,"column":3}},"line":16},"2":{"name":"(anonymous_2)","decl":{"start":{"line":23,"column":21},"end":{"line":23,"column":22}},"loc":{"start":{"line":23,"column":30},"end":{"line":30,"column":5}},"line":23},"3":{"name":"(anonymous_3)","decl":{"start":{"line":32,"column":19},"end":{"line":32,"column":20}},"loc":{"start":{"line":32,"column":25},"end":{"line":35,"column":5}},"line":32},"4":{"name":"(anonymous_4)","decl":{"start":{"line":37,"column":19},"end":{"line":37,"column":20}},"loc":{"start":{"line":37,"column":28},"end":{"line":37,"column":79}},"line":37},"5":{"name":"handleMessage","decl":{"start":{"line":48,"column":9},"end":{"line":48,"column":22}},"loc":{"start":{"line":48,"column":43},"end":{"line":63,"column":1}},"line":48},"6":{"name":"pushToSession","decl":{"start":{"line":68,"column":9},"end":{"line":68,"column":22}},"loc":{"start":{"line":68,"column":43},"end":{"line":73,"column":1}},"line":68}},"branchMap":{"0":{"loc":{"start":{"line":18,"column":22},"end":{"line":18,"column":77}},"type":"binary-expr","locations":[{"start":{"line":18,"column":22},"end":{"line":18,"column":53}},{"start":{"line":18,"column":57},"end":{"line":18,"column":77}}],"line":18},"1":{"loc":{"start":{"line":49,"column":2},"end":{"line":62,"column":3}},"type":"switch","locations":[{"start":{"line":50,"column":4},"end":{"line":54,"column":12}},{"start":{"line":56,"column":4},"end":{"line":58,"column":12}},{"start":{"line":60,"column":4},"end":{"line":61,"column":78}}],"line":49},"2":{"loc":{"start":{"line":70,"column":2},"end":{"line":72,"column":3}},"type":"if","locations":[{"start":{"line":70,"column":2},"end":{"line":72,"column":3}},{"start":{},"end":{}}],"line":70},"3":{"loc":{"start":{"line":70,"column":6},"end":{"line":70,"column":31}},"type":"binary-expr","locations":[{"start":{"line":70,"column":6},"end":{"line":70,"column":8}},{"start":{"line":70,"column":12},"end":{"line":70,"column":31}}],"line":70}},"s":{"0":8,"1":8,"2":8,"3":0,"4":0,"5":0,"6":0,"7":0,"8":0,"9":0,"10":0,"11":0,"12":0,"13":0,"14":0,"15":0,"16":0,"17":0,"18":0,"19":0,"20":0,"21":0,"22":0,"23":0,"24":0,"25":0,"26":0,"27":0,"28":0,"29":0,"30":0,"31":8},"f":{"0":0,"1":0,"2":0,"3":0,"4":0,"5":0,"6":0},"b":{"0":[0,0],"1":[0,0,0],"2":[0,0],"3":[0,0]},"_coverageSchema":"1a1c01bbd47fc00a2c39e90264f33305004495a9","hash":"6dfe461ff891ab29ce8d80567d689982bfcbd0a1"}
,"/home/runner/work/Rahnuma/Rahnuma/backend/src/database/postgres.js": {"path":"/home/runner/work/Rahnuma/Rahnuma/backend/src/database/postgres.js","statementMap":{"0":{"start":{"line":3,"column":17},"end":{"line":3,"column":30}},"1":{"start":{"line":4,"column":15},"end":{"line":4,"column":41}},"2":{"start":{"line":6,"column":11},"end":{"line":6,"column":15}},"3":{"start":{"line":12,"column":2},"end":{"line":21,"column":5}},"4":{"start":{"line":23,"column":2},"end":{"line":23,"column":76}},"5":{"start":{"line":23,"column":28},"end":{"line":23,"column":74}},"6":{"start":{"line":26,"column":17},"end":{"line":26,"column":37}},"7":{"start":{"line":27,"column":2},"end":{"line":27,"column":33}},"8":{"start":{"line":28,"column":2},"end":{"line":28,"column":19}},"9":{"start":{"line":30,"column":2},"end":{"line":30,"column":38}},"10":{"start":{"line":37,"column":2},"end":{"line":37,"column":95}},"11":{"start":{"line":37,"column":13},"end":{"line":37,"column":95}},"12":{"start":{"line":38,"column":2},"end":{"line":38,"column":14}},"13":{"start":{"line":41,"column":0},"end":{"line":41,"column":46}}},"fnMap":{"0":{"name":"connectPostgres","decl":{"start":{"line":11,"column":15},"end":{"line":11,"column":30}},"loc":{"start":{"line":11,"column":33},"end":{"line":31,"column":1}},"line":11},"1":{"name":"(anonymous_1)","decl":{"start":{"line":23,"column":19},"end":{"line":23,"column":20}},"loc":{"start":{"line":23,"column":28},"end":{"line":23,"column":74}},"line":23},"2":{"name":"getPool","decl":{"start":{"line":36,"column":9},"end":{"line":36,"column":16}},"loc":{"start":{"line":36,"column":19},"end":{"line":39,"column":1}},"line":36}},"branchMap":{"0":{"loc":{"start":{"line":13,"column":10},"end":{"line":13,"column":50}},"type":"binary-expr","locations":[{"start":{"line":13,"column":10},"end":{"line":13,"column":35}},{"start":{"line":13,"column":39},"end":{"line":13,"column":50}}],"line":13},"1":{"loc":{"start":{"line":14,"column":19},"end":{"line":14,"column":54}},"type":"binary-expr","locations":[{"start":{"line":14,"column":19},"end":{"line":14,"column":44}},{"start":{"line":14,"column":48},"end":{"line":14,"column":54}}],"line":14},"2":{"loc":{"start":{"line":15,"column":14},"end":{"line":15,"column":50}},"type":"binary-expr","locations":[{"start":{"line":15,"column":14},"end":{"line":15,"column":37}},{"start":{"line":15,"column":41},"end":{"line":15,"column":50}}],"line":15},"3":{"loc":{"start":{"line":16,"column":10},"end":{"line":16,"column":48}},"type":"binary-expr","locations":[{"start":{"line":16,"column":10},"end":{"line":16,"column":35}},{"start":{"line":16,"column":39},"end":{"line":16,"column":48}}],"line":16},"4":{"loc":{"start":{"line":17,"column":14},"end":{"line":17,"column":63}},"type":"binary-expr","locations":[{"start":{"line":17,"column":14},"end":{"line":17,"column":43}},{"start":{"line":17,"column":47},"end":{"line":17,"column":63}}],"line":17},"5":{"loc":{"start":{"line":37,"column":2},"end":{"line":37,"column":95}},"type":"if","locations":[{"start":{"line":37,"column":2},"end":{"line":37,"column":95}},{"start":{},"end":{}}],"line":37}},"s":{"0":0,"1":0,"2":0,"3":0,"4":0,"5":0,"6":0,"7":0,"8":0,"9":0,"10":0,"11":0,"12":0,"13":0},"f":{"0":0,"1":0,"2":0},"b":{"0":[0,0],"1":[0,0],"2":[0,0],"3":[0,0],"4":[0,0],"5":[0,0]}}
,"/home/runner/work/Rahnuma/Rahnuma/backend/src/database/redis.js": {"path":"/home/runner/work/Rahnuma/Rahnuma/backend/src/database/redis.js","statementMap":{"0":{"start":{"line":3,"column":14},"end":{"line":3,"column":32}},"1":{"start":{"line":4,"column":15},"end":{"line":4,"column":41}},"2":{"start":{"line":6,"column":13},"end":{"line":6,"column":17}},"3":{"start":{"line":12,"column":2},"end":{"line":19,"column":5}},"4":{"start":{"line":21,"column":2},"end":{"line":21,"column":25}},"5":{"start":{"line":22,"column":2},"end":{"line":22,"column":33}},"6":{"start":{"line":29,"column":2},"end":{"line":29,"column":84}},"7":{"start":{"line":29,"column":15},"end":{"line":29,"column":84}},"8":{"start":{"line":30,"column":2},"end":{"line":30,"column":16}},"9":{"start":{"line":33,"column":0},"end":{"line":33,"column":45}}},"fnMap":{"0":{"name":"connectRedis","decl":{"start":{"line":11,"column":15},"end":{"line":11,"column":27}},"loc":{"start":{"line":11,"column":30},"end":{"line":23,"column":1}},"line":11},"1":{"name":"getClient","decl":{"start":{"line":28,"column":9},"end":{"line":28,"column":18}},"loc":{"start":{"line":28,"column":21},"end":{"line":31,"column":1}},"line":28}},"branchMap":{"0":{"loc":{"start":{"line":13,"column":10},"end":{"line":13,"column":47}},"type":"binary-expr","locations":[{"start":{"line":13,"column":10},"end":{"line":13,"column":32}},{"start":{"line":13,"column":36},"end":{"line":13,"column":47}}],"line":13},"1":{"loc":{"start":{"line":14,"column":19},"end":{"line":14,"column":51}},"type":"binary-expr","locations":[{"start":{"line":14,"column":19},"end":{"line":14,"column":41}},{"start":{"line":14,"column":45},"end":{"line":14,"column":51}}],"line":14},"2":{"loc":{"start":{"line":15,"column":14},"end":{"line":15,"column":53}},"type":"binary-expr","locations":[{"start":{"line":15,"column":14},"end":{"line":15,"column":40}},{"start":{"line":15,"column":44},"end":{"line":15,"column":53}}],"line":15},"3":{"loc":{"start":{"line":29,"column":2},"end":{"line":29,"column":84}},"type":"if","locations":[{"start":{"line":29,"column":2},"end":{"line":29,"column":84}},{"start":{},"end":{}}],"line":29}},"s":{"0":0,"1":0,"2":0,"3":0,"4":0,"5":0,"6":0,"7":0,"8":0,"9":0},"f":{"0":0,"1":0},"b":{"0":[0,0],"1":[0,0],"2":[0,0],"3":[0,0]}}
,"/home/runner/work/Rahnuma/Rahnuma/backend/src/services/nominatimService.js": {"path":"/home/runner/work/Rahnuma/Rahnuma/backend/src/services/nominatimService.js","statementMap":{"0":{"start":{"line":3,"column":14},"end":{"line":3,"column":30}},"1":{"start":{"line":4,"column":15},"end":{"line":4,"column":41}},"2":{"start":{"line":6,"column":23},"end":{"line":6,"column":114}},"3":{"start":{"line":9,"column":23},"end":{"line":30,"column":1}},"4":{"start":{"line":33,"column":25},"end":{"line":38,"column":1}},"5":{"start":{"line":47,"column":25},"end":{"line":47,"column":50}},"6":{"start":{"line":48,"column":18},"end":{"line":48,"column":21}},"7":{"start":{"line":49,"column":2},"end":{"line":49,"column":57}},"8":{"start":{"line":49,"column":28},"end":{"line":49,"column":57}},"9":{"start":{"line":52,"column":21},"end":{"line":54,"column":3}},"10":{"start":{"line":53,"column":27},"end":{"line":53,"column":79}},"11":{"start":{"line":57,"column":15},"end":{"line":57,"column":24}},"12":{"start":{"line":58,"column":17},"end":{"line":58,"column":19}},"13":{"start":{"line":59,"column":2},"end":{"line":66,"column":3}},"14":{"start":{"line":60,"column":4},"end":{"line":65,"column":5}},"15":{"start":{"line":61,"column":6},"end":{"line":64,"column":7}},"16":{"start":{"line":62,"column":8},"end":{"line":62,"column":29}},"17":{"start":{"line":63,"column":8},"end":{"line":63,"column":37}},"18":{"start":{"line":68,"column":2},"end":{"line":68,"column":32}},"19":{"start":{"line":75,"column":14},"end":{"line":75,"column":41}},"20":{"start":{"line":76,"column":19},"end":{"line":79,"column":4}},"21":{"start":{"line":80,"column":2},"end":{"line":80,"column":28}},"22":{"start":{"line":86,"column":2},"end":{"line":109,"column":3}},"23":{"start":{"line":87,"column":19},"end":{"line":93,"column":5}},"24":{"start":{"line":95,"column":4},"end":{"line":98,"column":5}},"25":{"start":{"line":96,"column":6},"end":{"line":96,"column":77}},"26":{"start":{"line":97,"column":6},"end":{"line":97,"column":25}},"27":{"start":{"line":100,"column":4},"end":{"line":102,"column":5}},"28":{"start":{"line":101,"column":6},"end":{"line":101,"column":56}},"29":{"start":{"line":104,"column":21},"end":{"line":104,"column":91}},"30":{"start":{"line":105,"column":4},"end":{"line":105,"column":43}},"31":{"start":{"line":107,"column":4},"end":{"line":107,"column":68}},"32":{"start":{"line":108,"column":4},"end":{"line":108,"column":14}},"33":{"start":{"line":113,"column":2},"end":{"line":122,"column":4}},"34":{"start":{"line":129,"column":16},"end":{"line":129,"column":34}},"35":{"start":{"line":130,"column":15},"end":{"line":130,"column":20}},"36":{"start":{"line":131,"column":2},"end":{"line":133,"column":3}},"37":{"start":{"line":132,"column":4},"end":{"line":132,"column":70}},"38":{"start":{"line":134,"column":2},"end":{"line":134,"column":16}},"39":{"start":{"line":137,"column":0},"end":{"line":137,"column":68}}},"fnMap":{"0":{"name":"search","decl":{"start":{"line":46,"column":15},"end":{"line":46,"column":21}},"loc":{"start":{"line":46,"column":66},"end":{"line":69,"column":1}},"line":46},"1":{"name":"(anonymous_1)","decl":{"start":{"line":53,"column":16},"end":{"line":53,"column":17}},"loc":{"start":{"line":53,"column":27},"end":{"line":53,"column":79}},"line":53},"2":{"name":"reverseGeocode","decl":{"start":{"line":74,"column":15},"end":{"line":74,"column":29}},"loc":{"start":{"line":74,"column":40},"end":{"line":81,"column":1}},"line":74},"3":{"name":"fetchNominatim","decl":{"start":{"line":85,"column":15},"end":{"line":85,"column":29}},"loc":{"start":{"line":85,"column":64},"end":{"line":110,"column":1}},"line":85},"4":{"name":"formatResult","decl":{"start":{"line":112,"column":9},"end":{"line":112,"column":21}},"loc":{"start":{"line":112,"column":25},"end":{"line":123,"column":1}},"line":112},"5":{"name":"transliterateRomanUrdu","decl":{"start":{"line":128,"column":9},"end":{"line":128,"column":31}},"loc":{"start":{"line":128,"column":38},"end":{"line":135,"column":1}},"line":128}},"branchMap":{"0":{"loc":{"start":{"line":6,"column":26},"end":{"line":6,"column":74}},"type":"binary-expr","locations":[{"start":{"line":6,"column":26},"end":{"line":6,"column":52}},{"start":{"line":6,"column":56},"end":{"line":6,"column":74}}],"line":6},"1":{"loc":{"start":{"line":6,"column":78},"end":{"line":6,"column":112}},"type":"binary-expr","locations":[{"start":{"line":6,"column":78},"end":{"line":6,"column":104}},{"start":{"line":6,"column":108},"end":{"line":6,"column":112}}],"line":6},"2":{"loc":{"start":{"line":46,"column":25},"end":{"line":46,"column":64}},"type":"default-arg","locations":[{"start":{"line":46,"column":62},"end":{"line":46,"column":64}}],"line":46},"3":{"loc":{"start":{"line":46,"column":37},"end":{"line":46,"column":47}},"type":"default-arg","locations":[{"start":{"line":46,"column":45},"end":{"line":46,"column":47}}],"line":46},"4":{"loc":{"start":{"line":49,"column":2},"end":{"line":49,"column":57}},"type":"if","locations":[{"start":{"line":49,"column":2},"end":{"line":49,"column":57}},{"start":{},"end":{}}],"line":49},"5":{"loc":{"start":{"line":61,"column":6},"end":{"line":64,"column":7}},"type":"if","locations":[{"start":{"line":61,"column":6},"end":{"line":64,"column":7}},{"start":{},"end":{}}],"line":61},"6":{"loc":{"start":{"line":95,"column":4},"end":{"line":98,"column":5}},"type":"if","locations":[{"start":{"line":95,"column":4},"end":{"line":98,"column":5}},{"start":{},"end":{}}],"line":95},"7":{"loc":{"start":{"line":95,"column":8},"end":{"line":95,"column":18}},"type":"binary-expr","locations":[{"start":{"line":95,"column":8},"end":{"line":95,"column":11}},{"start":{"line":95,"column":15},"end":{"line":95,"column":18}}],"line":95},"8":{"loc":{"start":{"line":100,"column":4},"end":{"line":102,"column":5}},"type":"if","locations":[{"start":{"line":100,"column":4},"end":{"line":102,"column":5}},{"start":{},"end":{}}],"line":100},"9":{"loc":{"start":{"line":100,"column":8},"end":{"line":100,"column":46}},"type":"binary-expr","locations":[{"start":{"line":100,"column":8},"end":{"line":100,"column":16}},{"start":{"line":100,"column":20},"end":{"line":100,"column":46}}],"line":100},"10":{"loc":{"start":{"line":105,"column":11},"end":{"line":105,"column":42}},"type":"cond-expr","locations":[{"start":{"line":105,"column":33},"end":{"line":105,"column":37}},{"start":{"line":105,"column":40},"end":{"line":105,"column":42}}],"line":105},"11":{"loc":{"start":{"line":120,"column":13},"end":{"line":120,"column":28}},"type":"binary-expr","locations":[{"start":{"line":120,"column":13},"end":{"line":120,"column":22}},{"start":{"line":120,"column":26},"end":{"line":120,"column":28}}],"line":120}},"s":{"0":9,"1":9,"2":9,"3":9,"4":9,"5":6,"6":6,"7":6,"8":4,"9":6,"10":10,"11":6,"12":6,"13":6,"14":10,"15":24,"16":22,"17":22,"18":6,"19":1,"20":1,"21":1,"22":10,"23":10,"24":10,"25":0,"26":0,"27":10,"28":0,"29":10,"30":10,"31":0,"32":0,"33":23,"34":6,"35":6,"36":6,"37":114,"38":6,"39":9},"f":{"0":6,"1":10,"2":1,"3":10,"4":23,"5":6},"b":{"0":[9,9],"1":[9,9],"2":[5],"3":[5],"4":[4,2],"5":[22,2],"6":[0,10],"7":[10,0],"8":[0,10],"9":[10,0],"10":[10,0],"11":[23,0]},"_coverageSchema":"1a1c01bbd47fc00a2c39e90264f33305004495a9","hash":"85d09a7e054181b52975c565f1d93e581e75ab19"}
,"/home/runner/work/Rahnuma/Rahnuma/backend/src/services/offlineService.js": {"path":"/home/runner/work/Rahnuma/Rahnuma/backend/src/services/offlineService.js","statementMap":{"0":{"start":{"line":3,"column":11},"end":{"line":3,"column":24}},"1":{"start":{"line":4,"column":13},"end":{"line":4,"column":28}},"2":{"start":{"line":6,"column":21},"end":{"line":6,"column":111}},"3":{"start":{"line":9,"column":25},"end":{"line":18,"column":1}},"4":{"start":{"line":24,"column":2},"end":{"line":34,"column":5}},"5":{"start":{"line":25,"column":21},"end":{"line":25,"column":66}},"6":{"start":{"line":26,"column":22},"end":{"line":26,"column":45}},"7":{"start":{"line":27,"column":18},"end":{"line":27,"column":58}},"8":{"start":{"line":28,"column":4},"end":{"line":33,"column":6}},"9":{"start":{"line":41,"column":15},"end":{"line":41,"column":60}},"10":{"start":{"line":41,"column":44},"end":{"line":41,"column":59}},"11":{"start":{"line":42,"column":2},"end":{"line":42,"column":25}},"12":{"start":{"line":42,"column":13},"end":{"line":42,"column":25}},"13":{"start":{"line":43,"column":2},"end":{"line":43,"column":55}},"14":{"start":{"line":46,"column":0},"end":{"line":46,"column":68}}},"fnMap":{"0":{"name":"listPackages","decl":{"start":{"line":23,"column":15},"end":{"line":23,"column":27}},"loc":{"start":{"line":23,"column":30},"end":{"line":35,"column":1}},"line":23},"1":{"name":"(anonymous_1)","decl":{"start":{"line":24,"column":30},"end":{"line":24,"column":31}},"loc":{"start":{"line":24,"column":40},"end":{"line":34,"column":3}},"line":24},"2":{"name":"getPackagePath","decl":{"start":{"line":40,"column":15},"end":{"line":40,"column":29}},"loc":{"start":{"line":40,"column":38},"end":{"line":44,"column":1}},"line":40},"3":{"name":"(anonymous_3)","decl":{"start":{"line":41,"column":37},"end":{"line":41,"column":38}},"loc":{"start":{"line":41,"column":44},"end":{"line":41,"column":59}},"line":41}},"branchMap":{"0":{"loc":{"start":{"line":6,"column":21},"end":{"line":6,"column":111}},"type":"binary-expr","locations":[{"start":{"line":6,"column":21},"end":{"line":6,"column":53}},{"start":{"line":6,"column":57},"end":{"line":6,"column":111}}],"line":6},"1":{"loc":{"start":{"line":27,"column":18},"end":{"line":27,"column":58}},"type":"cond-expr","locations":[{"start":{"line":27,"column":30},"end":{"line":27,"column":51}},{"start":{"line":27,"column":54},"end":{"line":27,"column":58}}],"line":27},"2":{"loc":{"start":{"line":31,"column":23},"end":{"line":31,"column":48}},"type":"cond-expr","locations":[{"start":{"line":31,"column":31},"end":{"line":31,"column":41}},{"start":{"line":31,"column":44},"end":{"line":31,"column":48}}],"line":31},"3":{"loc":{"start":{"line":32,"column":20},"end":{"line":32,"column":60}},"type":"cond-expr","locations":[{"start":{"line":32,"column":28},"end":{"line":32,"column":53}},{"start":{"line":32,"column":56},"end":{"line":32,"column":60}}],"line":32},"4":{"loc":{"start":{"line":42,"column":2},"end":{"line":42,"column":25}},"type":"if","locations":[{"start":{"line":42,"column":2},"end":{"line":42,"column":25}},{"start":{},"end":{}}],"line":42}},"s":{"0":8,"1":8,"2":8,"3":8,"4":0,"5":0,"6":0,"7":0,"8":0,"9":0,"10":0,"11":0,"12":0,"13":0,"14":8},"f":{"0":0,"1":0,"2":0,"3":0},"b":{"0":[8,8],"1":[0,0],"2":[0,0],"3":[0,0],"4":[0,0]},"_coverageSchema":"1a1c01bbd47fc00a2c39e90264f33305004495a9","hash":"063fb74e64930bf9ab2f550193ddf3c923422c3e"}
,"/home/runner/work/Rahnuma/Rahnuma/backend/src/services/osrmService.js": {"path":"/home/runner/work/Rahnuma/Rahnuma/backend/src/services/osrmService.js","statementMap":{"0":{"start":{"line":3,"column":14},"end":{"line":3,"column":30}},"1":{"start":{"line":4,"column":15},"end":{"line":4,"column":41}},"2":{"start":{"line":5,"column":38},"end":{"line":5,"column":66}},"3":{"start":{"line":7,"column":18},"end":{"line":7,"column":99}},"4":{"start":{"line":10,"column":22},"end":{"line":14,"column":1}},"5":{"start":{"line":24,"column":17},"end":{"line":24,"column":68}},"6":{"start":{"line":24,"column":38},"end":{"line":24,"column":57}},"7":{"start":{"line":25,"column":14},"end":{"line":25,"column":58}},"8":{"start":{"line":27,"column":17},"end":{"line":33,"column":3}},"9":{"start":{"line":35,"column":2},"end":{"line":55,"column":3}},"10":{"start":{"line":36,"column":21},"end":{"line":36,"column":69}},"11":{"start":{"line":38,"column":4},"end":{"line":40,"column":5}},"12":{"start":{"line":39,"column":6},"end":{"line":39,"column":92}},"13":{"start":{"line":42,"column":4},"end":{"line":45,"column":6}},"14":{"start":{"line":43,"column":37},"end":{"line":43,"column":51}},"15":{"start":{"line":47,"column":4},"end":{"line":50,"column":5}},"16":{"start":{"line":48,"column":6},"end":{"line":48,"column":96}},"17":{"start":{"line":49,"column":6},"end":{"line":49,"column":79}},"18":{"start":{"line":51,"column":4},"end":{"line":53,"column":5}},"19":{"start":{"line":52,"column":6},"end":{"line":52,"column":85}},"20":{"start":{"line":54,"column":4},"end":{"line":54,"column":14}},"21":{"start":{"line":62,"column":14},"end":{"line":62,"column":57}},"22":{"start":{"line":63,"column":19},"end":{"line":63,"column":58}},"23":{"start":{"line":64,"column":2},"end":{"line":64,"column":57}},"24":{"start":{"line":64,"column":26},"end":{"line":64,"column":57}},"25":{"start":{"line":65,"column":2},"end":{"line":69,"column":4}},"26":{"start":{"line":76,"column":19},"end":{"line":76,"column":65}},"27":{"start":{"line":77,"column":15},"end":{"line":77,"column":40}},"28":{"start":{"line":78,"column":23},"end":{"line":78,"column":43}},"29":{"start":{"line":80,"column":2},"end":{"line":87,"column":4}},"30":{"start":{"line":85,"column":35},"end":{"line":85,"column":44}},"31":{"start":{"line":91,"column":2},"end":{"line":96,"column":4}},"32":{"start":{"line":100,"column":2},"end":{"line":107,"column":4}},"33":{"start":{"line":116,"column":21},"end":{"line":116,"column":42}},"34":{"start":{"line":118,"column":2},"end":{"line":118,"column":57}},"35":{"start":{"line":118,"column":23},"end":{"line":118,"column":57}},"36":{"start":{"line":119,"column":2},"end":{"line":119,"column":11}},"37":{"start":{"line":122,"column":0},"end":{"line":122,"column":42}}},"fnMap":{"0":{"name":"getRoute","decl":{"start":{"line":23,"column":15},"end":{"line":23,"column":23}},"loc":{"start":{"line":23,"column":83},"end":{"line":56,"column":1}},"line":23},"1":{"name":"(anonymous_1)","decl":{"start":{"line":24,"column":31},"end":{"line":24,"column":32}},"loc":{"start":{"line":24,"column":38},"end":{"line":24,"column":57}},"line":24},"2":{"name":"(anonymous_2)","decl":{"start":{"line":43,"column":30},"end":{"line":43,"column":31}},"loc":{"start":{"line":43,"column":37},"end":{"line":43,"column":51}},"line":43},"3":{"name":"snapToRoad","decl":{"start":{"line":61,"column":15},"end":{"line":61,"column":25}},"loc":{"start":{"line":61,"column":36},"end":{"line":70,"column":1}},"line":61},"4":{"name":"formatRoute","decl":{"start":{"line":75,"column":9},"end":{"line":75,"column":20}},"loc":{"start":{"line":75,"column":28},"end":{"line":88,"column":1}},"line":75},"5":{"name":"(anonymous_5)","decl":{"start":{"line":85,"column":28},"end":{"line":85,"column":29}},"loc":{"start":{"line":85,"column":35},"end":{"line":85,"column":44}},"line":85},"6":{"name":"formatLeg","decl":{"start":{"line":90,"column":9},"end":{"line":90,"column":18}},"loc":{"start":{"line":90,"column":24},"end":{"line":97,"column":1}},"line":90},"7":{"name":"formatStep","decl":{"start":{"line":99,"column":9},"end":{"line":99,"column":19}},"loc":{"start":{"line":99,"column":26},"end":{"line":108,"column":1}},"line":99},"8":{"name":"estimateTolls","decl":{"start":{"line":114,"column":9},"end":{"line":114,"column":22}},"loc":{"start":{"line":114,"column":30},"end":{"line":120,"column":1}},"line":114}},"branchMap":{"0":{"loc":{"start":{"line":7,"column":21},"end":{"line":7,"column":64}},"type":"binary-expr","locations":[{"start":{"line":7,"column":21},"end":{"line":7,"column":42}},{"start":{"line":7,"column":46},"end":{"line":7,"column":64}}],"line":7},"1":{"loc":{"start":{"line":7,"column":68},"end":{"line":7,"column":97}},"type":"binary-expr","locations":[{"start":{"line":7,"column":68},"end":{"line":7,"column":89}},{"start":{"line":7,"column":93},"end":{"line":7,"column":97}}],"line":7},"2":{"loc":{"start":{"line":23,"column":35},"end":{"line":23,"column":81}},"type":"default-arg","locations":[{"start":{"line":23,"column":79},"end":{"line":23,"column":81}}],"line":23},"3":{"loc":{"start":{"line":23,"column":37},"end":{"line":23,"column":52}},"type":"default-arg","locations":[{"start":{"line":23,"column":47},"end":{"line":23,"column":52}}],"line":23},"4":{"loc":{"start":{"line":23,"column":54},"end":{"line":23,"column":74}},"type":"default-arg","locations":[{"start":{"line":23,"column":69},"end":{"line":23,"column":74}}],"line":23},"5":{"loc":{"start":{"line":32,"column":18},"end":{"line":32,"column":42}},"type":"cond-expr","locations":[{"start":{"line":32,"column":33},"end":{"line":32,"column":34}},{"start":{"line":32,"column":37},"end":{"line":32,"column":42}}],"line":32},"6":{"loc":{"start":{"line":38,"column":4},"end":{"line":40,"column":5}},"type":"if","locations":[{"start":{"line":38,"column":4},"end":{"line":40,"column":5}},{"start":{},"end":{}}],"line":38},"7":{"loc":{"start":{"line":39,"column":36},"end":{"line":39,"column":72}},"type":"binary-expr","locations":[{"start":{"line":39,"column":36},"end":{"line":39,"column":48}},{"start":{"line":39,"column":52},"end":{"line":39,"column":72}}],"line":39},"8":{"loc":{"start":{"line":47,"column":4},"end":{"line":50,"column":5}},"type":"if","locations":[{"start":{"line":47,"column":4},"end":{"line":50,"column":5}},{"start":{},"end":{}}],"line":47},"9":{"loc":{"start":{"line":51,"column":4},"end":{"line":53,"column":5}},"type":"if","locations":[{"start":{"line":51,"column":4},"end":{"line":53,"column":5}},{"start":{},"end":{}}],"line":51},"10":{"loc":{"start":{"line":51,"column":8},"end":{"line":51,"column":66}},"type":"binary-expr","locations":[{"start":{"line":51,"column":8},"end":{"line":51,"column":35}},{"start":{"line":51,"column":39},"end":{"line":51,"column":66}}],"line":51},"11":{"loc":{"start":{"line":64,"column":2},"end":{"line":64,"column":57}},"type":"if","locations":[{"start":{"line":64,"column":2},"end":{"line":64,"column":57}},{"start":{},"end":{}}],"line":64},"12":{"loc":{"start":{"line":118,"column":2},"end":{"line":118,"column":57}},"type":"if","locations":[{"start":{"line":118,"column":2},"end":{"line":118,"column":57}},{"start":{},"end":{}}],"line":118}},"s":{"0":9,"1":9,"2":9,"3":9,"4":9,"5":7,"6":14,"7":7,"8":7,"9":7,"10":7,"11":5,"12":1,"13":4,"14":5,"15":3,"16":0,"17":0,"18":3,"19":2,"20":1,"21":1,"22":1,"23":1,"24":0,"25":1,"26":5,"27":5,"28":5,"29":5,"30":5,"31":5,"32":5,"33":5,"34":5,"35":2,"36":3,"37":9},"f":{"0":7,"1":14,"2":5,"3":1,"4":5,"5":5,"6":5,"7":5,"8":5},"b":{"0":[9,9],"1":[9,9],"2":[6],"3":[7],"4":[6],"5":[1,6],"6":[1,4],"7":[1,0],"8":[0,3],"9":[2,1],"10":[3,2],"11":[0,1],"12":[2,3]},"_coverageSchema":"1a1c01bbd47fc00a2c39e90264f33305004495a9","hash":"67ee9a9d9af9fb5edb8d77a94698fc3b830e2856"}
,"/home/runner/work/Rahnuma/Rahnuma/backend/src/services/tileService.js": {"path":"/home/runner/work/Rahnuma/Rahnuma/backend/src/services/tileService.js","statementMap":{"0":{"start":{"line":3,"column":24},"end":{"line":3,"column":78}},"1":{"start":{"line":9,"column":2},"end":{"line":9,"column":51}},"2":{"start":{"line":16,"column":2},"end":{"line":19,"column":4}},"3":{"start":{"line":22,"column":0},"end":{"line":22,"column":43}}},"fnMap":{"0":{"name":"getTileUrl","decl":{"start":{"line":8,"column":9},"end":{"line":8,"column":19}},"loc":{"start":{"line":8,"column":39},"end":{"line":10,"column":1}},"line":8},"1":{"name":"getLayers","decl":{"start":{"line":15,"column":9},"end":{"line":15,"column":18}},"loc":{"start":{"line":15,"column":21},"end":{"line":20,"column":1}},"line":15}},"branchMap":{"0":{"loc":{"start":{"line":3,"column":24},"end":{"line":3,"column":78}},"type":"binary-expr","locations":[{"start":{"line":3,"column":24},"end":{"line":3,"column":51}},{"start":{"line":3,"column":55},"end":{"line":3,"column":78}}],"line":3},"1":{"loc":{"start":{"line":8,"column":20},"end":{"line":8,"column":37}},"type":"default-arg","locations":[{"start":{"line":8,"column":28},"end":{"line":8,"column":37}}],"line":8}},"s":{"0":0,"1":0,"2":0,"3":0},"f":{"0":0,"1":0},"b":{"0":[0,0],"1":[0]}}
,"/home/runner/work/Rahnuma/Rahnuma/backend/src/utils/geoUtils.js": {"path":"/home/runner/work/Rahnuma/Rahnuma/backend/src/utils/geoUtils.js","statementMap":{"0":{"start":{"line":11,"column":22},"end":{"line":11,"column":24}},"1":{"start":{"line":12,"column":14},"end":{"line":12,"column":15}},"2":{"start":{"line":13,"column":12},"end":{"line":13,"column":13}},"3":{"start":{"line":14,"column":12},"end":{"line":14,"column":13}},"4":{"start":{"line":16,"column":2},"end":{"line":41,"column":3}},"5":{"start":{"line":17,"column":16},"end":{"line":17,"column":17}},"6":{"start":{"line":18,"column":17},"end":{"line":18,"column":18}},"7":{"start":{"line":21,"column":4},"end":{"line":25,"column":27}},"8":{"start":{"line":22,"column":6},"end":{"line":22,"column":46}},"9":{"start":{"line":23,"column":6},"end":{"line":23,"column":39}},"10":{"start":{"line":24,"column":6},"end":{"line":24,"column":17}},"11":{"start":{"line":27,"column":4},"end":{"line":27,"column":53}},"12":{"start":{"line":29,"column":4},"end":{"line":29,"column":14}},"13":{"start":{"line":30,"column":4},"end":{"line":30,"column":15}},"14":{"start":{"line":32,"column":4},"end":{"line":36,"column":27}},"15":{"start":{"line":33,"column":6},"end":{"line":33,"column":46}},"16":{"start":{"line":34,"column":6},"end":{"line":34,"column":39}},"17":{"start":{"line":35,"column":6},"end":{"line":35,"column":17}},"18":{"start":{"line":38,"column":4},"end":{"line":38,"column":53}},"19":{"start":{"line":40,"column":4},"end":{"line":40,"column":57}},"20":{"start":{"line":43,"column":2},"end":{"line":43,"column":21}},"21":{"start":{"line":50,"column":2},"end":{"line":53,"column":4}},"22":{"start":{"line":52,"column":49},"end":{"line":52,"column":59}},"23":{"start":{"line":60,"column":12},"end":{"line":60,"column":19}},"24":{"start":{"line":61,"column":13},"end":{"line":61,"column":35}},"25":{"start":{"line":62,"column":13},"end":{"line":62,"column":35}},"26":{"start":{"line":63,"column":13},"end":{"line":63,"column":44}},"27":{"start":{"line":64,"column":13},"end":{"line":64,"column":44}},"28":{"start":{"line":67,"column":4},"end":{"line":67,"column":79}},"29":{"start":{"line":68,"column":2},"end":{"line":68,"column":60}},"30":{"start":{"line":75,"column":2},"end":{"line":75,"column":54}},"31":{"start":{"line":75,"column":21},"end":{"line":75,"column":54}},"32":{"start":{"line":76,"column":2},"end":{"line":76,"column":44}},"33":{"start":{"line":83,"column":12},"end":{"line":83,"column":38}},"34":{"start":{"line":84,"column":12},"end":{"line":84,"column":45}},"35":{"start":{"line":85,"column":2},"end":{"line":85,"column":39}},"36":{"start":{"line":85,"column":13},"end":{"line":85,"column":39}},"37":{"start":{"line":86,"column":2},"end":{"line":86,"column":31}},"38":{"start":{"line":86,"column":13},"end":{"line":86,"column":31}},"39":{"start":{"line":87,"column":2},"end":{"line":87,"column":38}},"40":{"start":{"line":90,"column":0},"end":{"line":90,"column":98}}},"fnMap":{"0":{"name":"decodePolyline","decl":{"start":{"line":10,"column":9},"end":{"line":10,"column":23}},"loc":{"start":{"line":10,"column":50},"end":{"line":44,"column":1}},"line":10},"1":{"name":"toGeoJSON","decl":{"start":{"line":49,"column":9},"end":{"line":49,"column":18}},"loc":{"start":{"line":49,"column":32},"end":{"line":54,"column":1}},"line":49},"2":{"name":"(anonymous_2)","decl":{"start":{"line":52,"column":33},"end":{"line":52,"column":34}},"loc":{"start":{"line":52,"column":49},"end":{"line":52,"column":59}},"line":52},"3":{"name":"haversineDistance","decl":{"start":{"line":59,"column":9},"end":{"line":59,"column":26}},"loc":{"start":{"line":59,"column":51},"end":{"line":69,"column":1}},"line":59},"4":{"name":"formatDistance","decl":{"start":{"line":74,"column":9},"end":{"line":74,"column":23}},"loc":{"start":{"line":74,"column":32},"end":{"line":77,"column":1}},"line":74},"5":{"name":"formatDuration","decl":{"start":{"line":82,"column":9},"end":{"line":82,"column":23}},"loc":{"start":{"line":82,"column":33},"end":{"line":88,"column":1}},"line":82}},"branchMap":{"0":{"loc":{"start":{"line":10,"column":33},"end":{"line":10,"column":48}},"type":"default-arg","locations":[{"start":{"line":10,"column":45},"end":{"line":10,"column":48}}],"line":10},"1":{"loc":{"start":{"line":27,"column":11},"end":{"line":27,"column":52}},"type":"cond-expr","locations":[{"start":{"line":27,"column":24},"end":{"line":27,"column":38}},{"start":{"line":27,"column":41},"end":{"line":27,"column":52}}],"line":27},"2":{"loc":{"start":{"line":38,"column":11},"end":{"line":38,"column":52}},"type":"cond-expr","locations":[{"start":{"line":38,"column":24},"end":{"line":38,"column":38}},{"start":{"line":38,"column":41},"end":{"line":38,"column":52}}],"line":38},"3":{"loc":{"start":{"line":75,"column":2},"end":{"line":75,"column":54}},"type":"if","locations":[{"start":{"line":75,"column":2},"end":{"line":75,"column":54}},{"start":{},"end":{}}],"line":75},"4":{"loc":{"start":{"line":85,"column":2},"end":{"line":85,"column":39}},"type":"if","locations":[{"start":{"line":85,"column":2},"end":{"line":85,"column":39}},{"start":{},"end":{}}],"line":85},"5":{"loc":{"start":{"line":86,"column":2},"end":{"line":86,"column":31}},"type":"if","locations":[{"start":{"line":86,"column":2},"end":{"line":86,"column":31}},{"start":{},"end":{}}],"line":86}},"s":{"0":15,"1":15,"2":15,"3":15,"4":15,"5":27,"6":27,"7":27,"8":122,"9":122,"10":122,"11":27,"12":27,"13":27,"14":27,"15":126,"16":126,"17":126,"18":27,"19":27,"20":15,"21":13,"22":21,"23":3,"24":3,"25":3,"26":3,"27":3,"28":3,"29":3,"30":5,"31":2,"32":3,"33":5,"34":5,"35":5,"36":3,"37":2,"38":1,"39":1,"40":10},"f":{"0":15,"1":13,"2":21,"3":3,"4":5,"5":5},"b":{"0":[5],"1":[0,27],"2":[27,0],"3":[2,3],"4":[3,2],"5":[1,1]},"_coverageSchema":"1a1c01bbd47fc00a2c39e90264f33305004495a9","hash":"afdede48b25b78c38433c6a56ba16d9479c53be7"}
,"/home/runner/work/Rahnuma/Rahnuma/backend/src/utils/jwtUtils.js": {"path":"/home/runner/work/Rahnuma/Rahnuma/backend/src/utils/jwtUtils.js","statementMap":{"0":{"start":{"line":3,"column":15},"end":{"line":3,"column":32}},"1":{"start":{"line":4,"column":12},"end":{"line":4,"column":35}},"2":{"start":{"line":6,"column":19},"end":{"line":6,"column":57}},"3":{"start":{"line":15,"column":2},"end":{"line":15,"column":61}},"4":{"start":{"line":25,"column":2},"end":{"line":25,"column":29}},"5":{"start":{"line":36,"column":2},"end":{"line":36,"column":39}},"6":{"start":{"line":39,"column":0},"end":{"line":39,"column":86}}},"fnMap":{"0":{"name":"signAccessToken","decl":{"start":{"line":14,"column":9},"end":{"line":14,"column":24}},"loc":{"start":{"line":14,"column":34},"end":{"line":16,"column":1}},"line":14},"1":{"name":"signRefreshToken","decl":{"start":{"line":24,"column":9},"end":{"line":24,"column":25}},"loc":{"start":{"line":24,"column":28},"end":{"line":26,"column":1}},"line":24},"2":{"name":"verifyAccessToken","decl":{"start":{"line":35,"column":9},"end":{"line":35,"column":26}},"loc":{"start":{"line":35,"column":34},"end":{"line":37,"column":1}},"line":35}},"branchMap":{"0":{"loc":{"start":{"line":6,"column":19},"end":{"line":6,"column":57}},"type":"binary-expr","locations":[{"start":{"line":6,"column":19},"end":{"line":6,"column":41}},{"start":{"line":6,"column":45},"end":{"line":6,"column":57}}],"line":6}},"s":{"0":10,"1":10,"2":10,"3":12,"4":6,"5":4,"6":10},"f":{"0":12,"1":6,"2":4},"b":{"0":[10,10]},"_coverageSchema":"1a1c01bbd47fc00a2c39e90264f33305004495a9","hash":"8540d94fbe0844ac6f499ea7f4eba4ac199d935e"}
,"/home/runner/work/Rahnuma/Rahnuma/backend/src/utils/logger.js": {"path":"/home/runner/work/Rahnuma/Rahnuma/backend/src/utils/logger.js","statementMap":{"0":{"start":{"line":3,"column":16},"end":{"line":3,"column":34}},"1":{"start":{"line":5,"column":57},"end":{"line":5,"column":71}},"2":{"start":{"line":7,"column":14},"end":{"line":7,"column":97}},"3":{"start":{"line":9,"column":18},"end":{"line":14,"column":2}},"4":{"start":{"line":10,"column":12},"end":{"line":10,"column":48}},"5":{"start":{"line":11,"column":2},"end":{"line":11,"column":33}},"6":{"start":{"line":11,"column":13},"end":{"line":11,"column":33}},"7":{"start":{"line":12,"column":18},"end":{"line":12,"column":76}},"8":{"start":{"line":13,"column":2},"end":{"line":13,"column":23}},"9":{"start":{"line":16,"column":15},"end":{"line":24,"column":2}},"10":{"start":{"line":27,"column":0},"end":{"line":27,"column":39}},"11":{"start":{"line":29,"column":0},"end":{"line":29,"column":24}}},"fnMap":{"0":{"name":"(anonymous_0)","decl":{"start":{"line":9,"column":25},"end":{"line":9,"column":26}},"loc":{"start":{"line":9,"column":76},"end":{"line":14,"column":1}},"line":9}},"branchMap":{"0":{"loc":{"start":{"line":7,"column":14},"end":{"line":7,"column":97}},"type":"binary-expr","locations":[{"start":{"line":7,"column":14},"end":{"line":7,"column":35}},{"start":{"line":7,"column":40},"end":{"line":7,"column":96}}],"line":7},"1":{"loc":{"start":{"line":7,"column":40},"end":{"line":7,"column":96}},"type":"cond-expr","locations":[{"start":{"line":7,"column":80},"end":{"line":7,"column":86}},{"start":{"line":7,"column":89},"end":{"line":7,"column":96}}],"line":7},"2":{"loc":{"start":{"line":11,"column":2},"end":{"line":11,"column":33}},"type":"if","locations":[{"start":{"line":11,"column":2},"end":{"line":11,"column":33}},{"start":{},"end":{}}],"line":11},"3":{"loc":{"start":{"line":12,"column":18},"end":{"line":12,"column":76}},"type":"cond-expr","locations":[{"start":{"line":12,"column":45},"end":{"line":12,"column":71}},{"start":{"line":12,"column":74},"end":{"line":12,"column":76}}],"line":12},"4":{"loc":{"start":{"line":21,"column":4},"end":{"line":21,"column":98}},"type":"cond-expr","locations":[{"start":{"line":21,"column":44},"end":{"line":21,"column":65}},{"start":{"line":21,"column":68},"end":{"line":21,"column":98}}],"line":21}},"s":{"0":12,"1":12,"2":12,"3":12,"4":38,"5":38,"6":0,"7":38,"8":38,"9":12,"10":12,"11":12},"f":{"0":38},"b":{"0":[12,12],"1":[0,12],"2":[0,38],"3":[0,38],"4":[0,12]},"_coverageSchema":"1a1c01bbd47fc00a2c39e90264f33305004495a9","hash":"06e64ff32fd35e57a86c9a27ce4b1a7c94fbaa62"}
,"/home/runner/work/Rahnuma/Rahnuma/backend/src/workers/eventProcessor.js": {"path":"/home/runner/work/Rahnuma/Rahnuma/backend/src/workers/eventProcessor.js","statementMap":{"0":{"start":{"line":3,"column":20},"end":{"line":3,"column":51}},"1":{"start":{"line":4,"column":15},"end":{"line":4,"column":41}},"2":{"start":{"line":11,"column":15},"end":{"line":11,"column":24}},"3":{"start":{"line":15,"column":37},"end":{"line":15,"column":39}},"4":{"start":{"line":17,"column":2},"end":{"line":47,"column":3}},"5":{"start":{"line":19,"column":25},"end":{"line":29,"column":36}},"6":{"start":{"line":31,"column":4},"end":{"line":33,"column":5}},"7":{"start":{"line":32,"column":6},"end":{"line":32,"column":66}},"8":{"start":{"line":36,"column":34},"end":{"line":40,"column":6}},"9":{"start":{"line":42,"column":4},"end":{"line":44,"column":5}},"10":{"start":{"line":43,"column":6},"end":{"line":43,"column":70}},"11":{"start":{"line":46,"column":4},"end":{"line":46,"column":51}},"12":{"start":{"line":51,"column":0},"end":{"line":54,"column":1}},"13":{"start":{"line":52,"column":2},"end":{"line":52,"column":44}},"14":{"start":{"line":53,"column":2},"end":{"line":53,"column":18}},"15":{"start":{"line":56,"column":0},"end":{"line":56,"column":35}}},"fnMap":{"0":{"name":"processEvents","decl":{"start":{"line":10,"column":15},"end":{"line":10,"column":28}},"loc":{"start":{"line":10,"column":31},"end":{"line":48,"column":1}},"line":10}},"branchMap":{"0":{"loc":{"start":{"line":31,"column":4},"end":{"line":33,"column":5}},"type":"if","locations":[{"start":{"line":31,"column":4},"end":{"line":33,"column":5}},{"start":{},"end":{}}],"line":31},"1":{"loc":{"start":{"line":42,"column":4},"end":{"line":44,"column":5}},"type":"if","locations":[{"start":{"line":42,"column":4},"end":{"line":44,"column":5}},{"start":{},"end":{}}],"line":42},"2":{"loc":{"start":{"line":51,"column":0},"end":{"line":54,"column":1}},"type":"if","locations":[{"start":{"line":51,"column":0},"end":{"line":54,"column":1}},{"start":{},"end":{}}],"line":51}},"s":{"0":0,"1":0,"2":0,"3":0,"4":0,"5":0,"6":0,"7":0,"8":0,"9":0,"10":0,"11":0,"12":0,"13":0,"14":0,"15":0},"f":{"0":0},"b":{"0":[0,0],"1":[0,0],"2":[0,0]}}
,"/home/runner/work/Rahnuma/Rahnuma/backend/src/workers/tileGenerator.js": {"path":"/home/runner/work/Rahnuma/Rahnuma/backend/src/workers/tileGenerator.js","statementMap":{"0":{"start":{"line":3,"column":21},"end":{"line":3,"column":45}},"1":{"start":{"line":4,"column":13},"end":{"line":4,"column":28}},"2":{"start":{"line":5,"column":15},"end":{"line":5,"column":41}},"3":{"start":{"line":7,"column":21},"end":{"line":7,"column":111}},"4":{"start":{"line":14,"column":2},"end":{"line":14,"column":76}},"5":{"start":{"line":18,"column":2},"end":{"line":18,"column":97}},"6":{"start":{"line":21,"column":0},"end":{"line":21,"column":39}}},"fnMap":{"0":{"name":"generateCityTiles","decl":{"start":{"line":13,"column":15},"end":{"line":13,"column":32}},"loc":{"start":{"line":13,"column":75},"end":{"line":19,"column":1}},"line":13}},"branchMap":{"0":{"loc":{"start":{"line":7,"column":21},"end":{"line":7,"column":111}},"type":"binary-expr","locations":[{"start":{"line":7,"column":21},"end":{"line":7,"column":53}},{"start":{"line":7,"column":57},"end":{"line":7,"column":111}}],"line":7},"1":{"loc":{"start":{"line":13,"column":47},"end":{"line":13,"column":59}},"type":"default-arg","locations":[{"start":{"line":13,"column":57},"end":{"line":13,"column":59}}],"line":13},"2":{"loc":{"start":{"line":13,"column":61},"end":{"line":13,"column":73}},"type":"default-arg","locations":[{"start":{"line":13,"column":71},"end":{"line":13,"column":73}}],"line":13}},"s":{"0":0,"1":0,"2":0,"3":0,"4":0,"5":0,"6":0},"f":{"0":0},"b":{"0":[0,0],"1":[0],"2":[0]}}
}
