TN:
SF:src/api/index.js
FN:40,(anonymous_0)
FN:51,(anonymous_1)
FN:52,(anonymous_2)
FN:60,(anonymous_3)
FN:79,(anonymous_4)
FN:88,start
FN:94,(anonymous_6)
FNF:7
FNH:4
FNDA:39,(anonymous_0)
FNDA:38,(anonymous_1)
FNDA:39,(anonymous_2)
FNDA:1,(anonymous_3)
FNDA:0,(anonymous_4)
FNDA:0,start
FNDA:0,(anonymous_6)
DA:3,8
DA:4,8
DA:5,8
DA:6,8
DA:7,8
DA:8,8
DA:10,8
DA:11,8
DA:12,8
DA:13,8
DA:14,8
DA:15,8
DA:16,8
DA:17,8
DA:18,8
DA:19,8
DA:20,8
DA:21,8
DA:22,8
DA:23,8
DA:24,8
DA:25,8
DA:27,8
DA:28,8
DA:31,8
DA:32,8
DA:33,8
DA:34,8
DA:37,8
DA:38,8
DA:41,39
DA:42,0
DA:49,8
DA:51,38
DA:52,39
DA:57,8
DA:60,8
DA:63,8
DA:64,8
DA:65,8
DA:66,8
DA:67,8
DA:68,8
DA:69,8
DA:72,8
DA:75,8
DA:79,8
DA:80,0
DA:81,0
DA:82,0
DA:86,8
DA:89,0
DA:90,0
DA:91,0
DA:92,0
DA:94,0
DA:95,0
DA:98,0
DA:99,0
DA:103,8
DA:104,0
DA:107,8
LF:62
LH:49
BRDA:37,0,0,8
BRDA:37,0,1,8
BRDA:41,1,0,39
BRDA:41,1,1,0
BRDA:41,2,0,39
BRDA:41,2,1,0
BRDA:81,3,0,0
BRDA:81,3,1,0
BRDA:82,4,0,0
BRDA:82,4,1,0
BRDA:86,5,0,8
BRDA:86,5,1,8
BRDA:95,6,0,0
BRDA:95,6,1,0
BRDA:103,7,0,0
BRDA:103,7,1,8
BRF:16
BRH:7
end_of_record
TN:
SF:src/api/openapi.js
FNF:0
FNH:0
DA:6,8
DA:512,8
LF:2
LH:2
BRF:0
BRH:0
end_of_record
TN:
SF:src/api/middleware/auth.js
FN:11,parseToken
FN:26,required
FN:37,optional
FNF:3
FNH:3
FNDA:18,parseToken
FNDA:11,required
FNDA:7,optional
DA:3,9
DA:5,9
DA:12,18
DA:13,18
DA:14,18
DA:15,10
DA:16,10
DA:18,1
DA:27,11
DA:28,11
DA:29,6
DA:30,6
DA:38,7
DA:39,7
DA:42,9
LF:15
LH:15
BRDA:5,0,0,9
BRDA:5,0,1,9
BRDA:12,1,0,18
BRDA:12,1,1,8
BRDA:14,2,0,8
BRDA:14,2,1,10
BRDA:14,3,0,18
BRDA:14,3,1,10
BRDA:28,4,0,5
BRDA:28,4,1,6
BRDA:38,5,0,7
BRDA:38,5,1,4
BRF:12
BRH:12
end_of_record
TN:
SF:src/api/middleware/rateLimit.js
FNF:0
FNH:0
DA:3,8
DA:5,8
DA:6,8
DA:8,8
LF:4
LH:4
BRDA:5,0,0,8
BRDA:5,0,1,8
BRDA:6,1,0,8
BRDA:6,1,1,8
BRF:4
BRH:4
end_of_record
TN:
SF:src/api/middleware/validation.js
FN:9,validationErrorHandler
FNF:1
FNH:0
FNDA:0,validationErrorHandler
DA:3,8
DA:9,8
DA:10,0
DA:11,0
DA:13,0
LF:5
LH:2
BRDA:10,0,0,0
BRDA:10,0,1,0
BRDA:10,1,0,0
BRDA:10,1,1,0
BRF:4
BRH:0
end_of_record
TN:
SF:src/api/routes/auth.js
FN:25,(anonymous_0)
FN:80,(anonymous_1)
FN:130,(anonymous_2)
FN:173,(anonymous_3)
FNF:4
FNH:4
FNDA:3,(anonymous_0)
FNDA:3,(anonymous_1)
FNDA:4,(anonymous_2)
FNDA:1,(anonymous_3)
DA:3,8
DA:4,8
DA:5,8
DA:6,8
DA:7,8
DA:8,8
DA:9,8
DA:11,8
DA:13,8
DA:14,8
DA:17,8
DA:26,3
DA:27,3
DA:29,3
DA:30,3
DA:31,1
DA:34,2
DA:35,2
DA:36,2
DA:39,2
DA:40,2
DA:42,2
DA:49,1
DA:50,1
DA:51,1
DA:52,1
DA:54,1
DA:60,1
DA:62,1
DA:64,1
DA:66,0
DA:67,0
DA:73,8
DA:81,3
DA:82,3
DA:84,3
DA:85,3
DA:86,0
DA:89,3
DA:90,3
DA:91,3
DA:93,3
DA:98,3
DA:99,1
DA:102,2
DA:103,2
DA:104,2
DA:105,1
DA:108,1
DA:109,1
DA:110,1
DA:112,1
DA:118,1
DA:120,0
DA:121,0
DA:127,8
DA:131,4
DA:132,4
DA:134,4
DA:136,4
DA:137,4
DA:138,4
DA:145,4
DA:146,1
DA:149,3
DA:151,3
DA:152,1
DA:155,2
DA:156,1
DA:159,1
DA:160,1
DA:162,0
DA:163,0
DA:169,8
DA:174,1
DA:175,1
DA:177,1
DA:179,1
DA:180,1
DA:181,1
DA:188,1
DA:190,0
DA:191,0
DA:196,8
LF:84
LH:75
BRDA:27,0,0,0
BRDA:27,0,1,3
BRDA:30,1,0,1
BRDA:30,1,1,2
BRDA:30,2,0,3
BRDA:30,2,1,1
BRDA:39,3,0,2
BRDA:39,3,1,0
BRDA:40,4,0,2
BRDA:40,4,1,0
BRDA:46,5,0,2
BRDA:46,5,1,0
BRDA:62,6,0,1
BRDA:62,6,1,0
BRDA:82,7,0,0
BRDA:82,7,1,3
BRDA:85,8,0,0
BRDA:85,8,1,3
BRDA:85,9,0,3
BRDA:85,9,1,0
BRDA:91,10,0,3
BRDA:91,10,1,0
BRDA:98,11,0,1
BRDA:98,11,1,2
BRDA:104,12,0,1
BRDA:104,12,1,1
BRDA:132,13,0,0
BRDA:132,13,1,4
BRDA:145,14,0,1
BRDA:145,14,1,3
BRDA:151,15,0,1
BRDA:151,15,1,2
BRDA:155,16,0,1
BRDA:155,16,1,1
BRDA:175,17,0,0
BRDA:175,17,1,1
BRF:36
BRH:25
end_of_record
TN:
SF:src/api/routes/events.js
FN:25,(anonymous_0)
FN:83,(anonymous_1)
FNF:2
FNH:2
FNDA:2,(anonymous_0)
FNDA:2,(anonymous_1)
DA:3,8
DA:4,8
DA:5,8
DA:6,8
DA:7,8
DA:9,8
DA:15,8
DA:26,2
DA:27,2
DA:29,1
DA:30,1
DA:31,1
DA:33,1
DA:40,1
DA:47,1
DA:48,0
DA:49,0
DA:52,1
DA:53,1
DA:55,1
DA:56,1
DA:58,0
DA:59,0
DA:73,8
DA:84,2
DA:85,2
DA:87,1
DA:88,1
DA:89,1
DA:91,1
DA:92,1
DA:93,1
DA:94,1
DA:101,1
DA:104,1
DA:106,0
DA:107,0
DA:112,8
LF:38
LH:32
BRDA:27,0,0,1
BRDA:27,0,1,1
BRDA:30,1,0,1
BRDA:47,2,0,0
BRDA:47,2,1,1
BRDA:85,3,0,1
BRDA:85,3,1,1
BRDA:101,4,0,1
BRDA:101,4,1,0
BRF:9
BRH:7
end_of_record
TN:
SF:src/api/routes/offline.js
FN:14,(anonymous_0)
FN:27,(anonymous_1)
FNF:2
FNH:2
FNDA:1,(anonymous_0)
FNDA:1,(anonymous_1)
DA:3,8
DA:4,8
DA:5,8
DA:6,8
DA:8,8
DA:14,8
DA:15,1
DA:16,1
DA:17,1
DA:19,0
DA:27,8
DA:28,1
DA:29,1
DA:30,1
DA:32,1
DA:33,1
DA:36,0
DA:37,0
DA:38,0
DA:39,0
DA:41,0
DA:45,8
LF:22
LH:16
BRDA:32,0,0,1
BRDA:32,0,1,0
BRDA:32,1,0,1
BRDA:32,1,1,0
BRF:4
BRH:2
end_of_record
TN:
SF:src/api/routes/pois.js
FN:26,(anonymous_0)
FN:78,(anonymous_1)
FNF:2
FNH:2
FNDA:2,(anonymous_0)
FNDA:2,(anonymous_1)
DA:3,8
DA:4,8
DA:5,8
DA:6,8
DA:8,8
DA:16,8
DA:27,2
DA:28,2
DA:30,1
DA:31,1
DA:32,1
DA:34,1
DA:50,1
DA:57,1
DA:58,0
DA:59,0
DA:62,1
DA:63,1
DA:65,1
DA:66,1
DA:68,0
DA:69,0
DA:78,8
DA:79,2
DA:80,2
DA:81,2
DA:99,2
DA:100,1
DA:103,1
DA:105,0
DA:106,0
DA:110,8
LF:32
LH:26
BRDA:28,0,0,1
BRDA:28,0,1,1
BRDA:31,1,0,1
BRDA:57,2,0,0
BRDA:57,2,1,1
BRDA:99,3,0,1
BRDA:99,3,1,1
BRF:7
BRH:6
end_of_record
TN:
SF:src/api/routes/reports.js
FN:33,(anonymous_0)
FN:70,(anonymous_1)
FNF:2
FNH:2
FNDA:2,(anonymous_0)
FNDA:2,(anonymous_1)
DA:3,8
DA:4,8
DA:5,8
DA:6,8
DA:7,8
DA:9,8
DA:11,8
DA:12,8
DA:18,8
DA:34,2
DA:35,2
DA:37,1
DA:38,1
DA:39,1
DA:41,1
DA:48,1
DA:50,0
DA:51,0
DA:61,8
DA:71,2
DA:72,2
DA:74,1
DA:75,1
DA:76,1
DA:78,1
DA:93,1
DA:100,1
DA:101,0
DA:102,0
DA:105,1
DA:107,1
DA:108,1
DA:110,0
DA:111,0
DA:116,8
LF:35
LH:29
BRDA:35,0,0,1
BRDA:35,0,1,1
BRDA:38,1,0,0
BRDA:45,2,0,1
BRDA:45,2,1,0
BRDA:72,3,0,1
BRDA:72,3,1,1
BRDA:100,4,0,0
BRDA:100,4,1,1
BRF:9
BRH:6
end_of_record
TN:
SF:src/api/routes/route.js
FN:27,(anonymous_0)
FN:52,(anonymous_1)
FNF:2
FNH:2
FNDA:4,(anonymous_0)
FNDA:2,(anonymous_1)
DA:3,8
DA:4,8
DA:5,8
DA:6,8
DA:8,8
DA:16,8
DA:28,4
DA:29,4
DA:31,1
DA:32,1
DA:33,1
DA:34,1
DA:36,0
DA:37,0
DA:46,8
DA:53,2
DA:54,2
DA:56,1
DA:57,1
DA:58,1
DA:59,1
DA:61,0
DA:66,8
LF:23
LH:20
BRDA:29,0,0,3
BRDA:29,0,1,1
BRDA:32,1,0,1
BRDA:32,2,0,1
BRDA:54,3,0,1
BRDA:54,3,1,1
BRF:6
BRH:6
end_of_record
TN:
SF:src/api/routes/search.js
FN:22,(anonymous_0)
FN:51,(anonymous_1)
FNF:2
FNH:2
FNDA:2,(anonymous_0)
FNDA:2,(anonymous_1)
DA:3,8
DA:4,8
DA:5,8
DA:7,8
DA:13,8
DA:23,2
DA:24,2
DA:26,1
DA:27,1
DA:28,1
DA:34,1
DA:36,0
DA:45,8
DA:52,2
DA:53,2
DA:55,1
DA:56,1
DA:57,1
DA:58,1
DA:60,0
DA:65,8
LF:21
LH:19
BRDA:24,0,0,1
BRDA:24,0,1,1
BRDA:27,1,0,1
BRDA:29,2,0,0
BRDA:29,2,1,1
BRDA:30,3,0,0
BRDA:30,3,1,1
BRDA:53,4,0,1
BRDA:53,4,1,1
BRF:9
BRH:7
end_of_record
TN:
SF:src/api/websocket/liveTracking.js
FN:13,initWebSocket
FN:16,(anonymous_1)
FN:23,(anonymous_2)
FN:32,(anonymous_3)
FN:37,(anonymous_4)
FN:48,handleMessage
FN:68,pushToSession
FNF:7
FNH:0
FNDA:0,initWebSocket
FNDA:0,(anonymous_1)
FNDA:0,(anonymous_2)
FNDA:0,(anonymous_3)
FNDA:0,(anonymous_4)
FNDA:0,handleMessage
FNDA:0,pushToSession
DA:3,8
DA:4,8
DA:7,8
DA:14,0
DA:16,0
DA:17,0
DA:18,0
DA:20,0
DA:21,0
DA:23,0
DA:24,0
DA:25,0
DA:26,0
DA:28,0
DA:32,0
DA:33,0
DA:34,0
DA:37,0
DA:39,0
DA:42,0
DA:49,0
DA:52,0
DA:53,0
DA:54,0
DA:57,0
DA:58,0
DA:61,0
DA:69,0
DA:70,0
DA:71,0
DA:75,8
LF:31
LH:4
BRDA:18,0,0,0
BRDA:18,0,1,0
BRDA:49,1,0,0
BRDA:49,1,1,0
BRDA:49,1,2,0
BRDA:70,2,0,0
BRDA:70,2,1,0
BRDA:70,3,0,0
BRDA:70,3,1,0
BRF:9
BRH:0
end_of_record
TN:
SF:src/database/postgres.js
FN:11,connectPostgres
FN:23,(anonymous_1)
FN:36,getPool
FNF:3
FNH:0
FNDA:0,connectPostgres
FNDA:0,(anonymous_1)
FNDA:0,getPool
DA:3,0
DA:4,0
DA:6,0
DA:12,0
DA:23,0
DA:26,0
DA:27,0
DA:28,0
DA:30,0
DA:37,0
DA:38,0
DA:41,0
LF:12
LH:0
BRDA:13,0,0,0
BRDA:13,0,1,0
BRDA:14,1,0,0
BRDA:14,1,1,0
BRDA:15,2,0,0
BRDA:15,2,1,0
BRDA:16,3,0,0
BRDA:16,3,1,0
BRDA:17,4,0,0
BRDA:17,4,1,0
BRDA:37,5,0,0
BRDA:37,5,1,0
BRF:12
BRH:0
end_of_record
TN:
SF:src/database/redis.js
FN:11,connectRedis
FN:28,getClient
FNF:2
FNH:0
FNDA:0,connectRedis
FNDA:0,getClient
DA:3,0
DA:4,0
DA:6,0
DA:12,0
DA:21,0
DA:22,0
DA:29,0
DA:30,0
DA:33,0
LF:9
LH:0
BRDA:13,0,0,0
BRDA:13,0,1,0
BRDA:14,1,0,0
BRDA:14,1,1,0
BRDA:15,2,0,0
BRDA:15,2,1,0
BRDA:29,3,0,0
BRDA:29,3,1,0
BRF:8
BRH:0
end_of_record
TN:
SF:src/services/nominatimService.js
FN:46,search
FN:53,(anonymous_1)
FN:74,reverseGeocode
FN:85,fetchNominatim
FN:112,formatResult
FN:128,transliterateRomanUrdu
FNF:6
FNH:6
FNDA:6,search
FNDA:10,(anonymous_1)
FNDA:1,reverseGeocode
FNDA:10,fetchNominatim
FNDA:23,formatResult
FNDA:6,transliterateRomanUrdu
DA:3,9
DA:4,9
DA:6,9
DA:9,9
DA:33,9
DA:47,6
DA:48,6
DA:49,6
DA:52,6
DA:53,10
DA:57,6
DA:58,6
DA:59,6
DA:60,10
DA:61,24
DA:62,22
DA:63,22
DA:68,6
DA:75,1
DA:76,1
DA:80,1
DA:86,10
DA:87,10
DA:95,10
DA:96,0
DA:97,0
DA:100,10
DA:101,0
DA:104,10
DA:105,10
DA:107,0
DA:108,0
DA:113,23
DA:129,6
DA:130,6
DA:131,6
DA:132,114
DA:134,6
DA:137,9
LF:39
LH:34
BRDA:6,0,0,9
BRDA:6,0,1,9
BRDA:6,1,0,9
BRDA:6,1,1,9
BRDA:46,2,0,5
BRDA:46,3,0,5
BRDA:49,4,0,4
BRDA:49,4,1,2
BRDA:61,5,0,22
BRDA:61,5,1,2
BRDA:95,6,0,0
BRDA:95,6,1,10
BRDA:95,7,0,10
BRDA:95,7,1,0
BRDA:100,8,0,0
BRDA:100,8,1,10
BRDA:100,9,0,10
BRDA:100,9,1,0
BRDA:105,10,0,10
BRDA:105,10,1,0
BRDA:120,11,0,23
BRDA:120,11,1,0
BRF:22
BRH:16
end_of_record
TN:
SF:src/services/offlineService.js
FN:23,listPackages
FN:24,(anonymous_1)
FN:40,getPackagePath
FN:41,(anonymous_3)
FNF:4
FNH:0
FNDA:0,listPackages
FNDA:0,(anonymous_1)
FNDA:0,getPackagePath
FNDA:0,(anonymous_3)
DA:3,8
DA:4,8
DA:6,8
DA:9,8
DA:24,0
DA:25,0
DA:26,0
DA:27,0
DA:28,0
DA:41,0
DA:42,0
DA:43,0
DA:46,8
LF:13
LH:5
BRDA:6,0,0,8
BRDA:6,0,1,8
BRDA:27,1,0,0
BRDA:27,1,1,0
BRDA:31,2,0,0
BRDA:31,2,1,0
BRDA:32,3,0,0
BRDA:32,3,1,0
BRDA:42,4,0,0
BRDA:42,4,1,0
BRF:10
BRH:2
end_of_record
TN:
SF:src/services/osrmService.js
FN:23,getRoute
FN:24,(anonymous_1)
FN:43,(anonymous_2)
FN:61,snapToRoad
FN:75,formatRoute
FN:85,(anonymous_5)
FN:90,formatLeg
FN:99,formatStep
FN:114,estimateTolls
FNF:9
FNH:9
FNDA:7,getRoute
FNDA:14,(anonymous_1)
FNDA:5,(anonymous_2)
FNDA:1,snapToRoad
FNDA:5,formatRoute
FNDA:5,(anonymous_5)
FNDA:5,formatLeg
FNDA:5,formatStep
FNDA:5,estimateTolls
DA:3,9
DA:4,9
DA:5,9
DA:7,9
DA:10,9
DA:24,14
DA:25,7
DA:27,7
DA:35,7
DA:36,7
DA:38,5
DA:39,1
DA:42,4
DA:43,5
DA:47,3
DA:48,0
DA:49,0
DA:51,3
DA:52,2
DA:54,1
DA:62,1
DA:63,1
DA:64,1
DA:65,1
DA:76,5
DA:77,5
DA:78,5
DA:80,5
DA:85,5
DA:91,5
DA:100,5
DA:116,5
DA:118,5
DA:119,3
DA:122,9
LF:35
LH:33
BRDA:7,0,0,9
BRDA:7,0,1,9
BRDA:7,1,0,9
BRDA:7,1,1,9
BRDA:23,2,0,6
BRDA:23,3,0,7
BRDA:23,4,0,6
BRDA:32,5,0,1
BRDA:32,5,1,6
BRDA:38,6,0,1
BRDA:38,6,1,4
BRDA:39,7,0,1
BRDA:39,7,1,0
BRDA:47,8,0,0
BRDA:47,8,1,3
BRDA:51,9,0,2
BRDA:51,9,1,1
BRDA:51,10,0,3
BRDA:51,10,1,2
BRDA:64,11,0,0
BRDA:64,11,1,1
BRDA:118,12,0,2
BRDA:118,12,1,3
BRF:23
BRH:20
end_of_record
TN:
SF:src/services/tileService.js
FN:8,getTileUrl
FN:15,getLayers
FNF:2
FNH:0
FNDA:0,getTileUrl
FNDA:0,getLayers
DA:3,0
DA:9,0
DA:16,0
DA:22,0
LF:4
LH:0
BRDA:3,0,0,0
BRDA:3,0,1,0
BRDA:8,1,0,0
BRF:3
BRH:0
end_of_record
TN:
SF:src/utils/geoUtils.js
FN:10,decodePolyline
FN:49,toGeoJSON
FN:52,(anonymous_2)
FN:59,haversineDistance
FN:74,formatDistance
FN:82,formatDuration
FNF:6
FNH:6
FNDA:15,decodePolyline
FNDA:13,toGeoJSON
FNDA:21,(anonymous_2)
FNDA:3,haversineDistance
FNDA:5,formatDistance
FNDA:5,formatDuration
DA:11,15
DA:12,15
DA:13,15
DA:14,15
DA:16,15
DA:17,27
DA:18,27
DA:21,27
DA:22,122
DA:23,122
DA:24,122
DA:27,27
DA:29,27
DA:30,27
DA:32,27
DA:33,126
DA:34,126
DA:35,126
DA:38,27
DA:40,27
DA:43,15
DA:50,13
DA:52,21
DA:60,3
DA:61,3
DA:62,3
DA:63,3
DA:64,3
DA:67,3
DA:68,3
DA:75,5
DA:76,3
DA:83,5
DA:84,5
DA:85,5
DA:86,2
DA:87,1
DA:90,10
LF:38
LH:38
BRDA:10,0,0,5
BRDA:27,1,0,0
BRDA:27,1,1,27
BRDA:38,2,0,27
BRDA:38,2,1,0
BRDA:75,3,0,2
BRDA:75,3,1,3
BRDA:85,4,0,3
BRDA:85,4,1,2
BRDA:86,5,0,1
BRDA:86,5,1,1
BRF:11
BRH:9
end_of_record
TN:
SF:src/utils/jwtUtils.js
FN:14,signAccessToken
FN:24,signRefreshToken
FN:35,verifyAccessToken
FNF:3
FNH:3
FNDA:12,signAccessToken
FNDA:6,signRefreshToken
FNDA:4,verifyAccessToken
DA:3,10
DA:4,10
DA:6,10
DA:15,12
DA:25,6
DA:36,4
DA:39,10
LF:7
LH:7
BRDA:6,0,0,10
BRDA:6,0,1,10
BRF:2
BRH:2
end_of_record
TN:
SF:src/utils/logger.js
FN:9,(anonymous_0)
FNF:1
FNH:1
FNDA:38,(anonymous_0)
DA:3,12
DA:5,12
DA:7,12
DA:9,12
DA:10,38
DA:11,38
DA:12,38
DA:13,38
DA:16,12
DA:27,12
DA:29,12
LF:11
LH:11
BRDA:7,0,0,12
BRDA:7,0,1,12
BRDA:7,1,0,0
BRDA:7,1,1,12
BRDA:11,2,0,0
BRDA:11,2,1,38
BRDA:12,3,0,0
BRDA:12,3,1,38
BRDA:21,4,0,0
BRDA:21,4,1,12
BRF:10
BRH:6
end_of_record
TN:
SF:src/workers/eventProcessor.js
FN:10,processEvents
FNF:1
FNH:0
FNDA:0,processEvents
DA:3,0
DA:4,0
DA:11,0
DA:15,0
DA:17,0
DA:19,0
DA:31,0
DA:32,0
DA:36,0
DA:42,0
DA:43,0
DA:46,0
DA:51,0
DA:52,0
DA:53,0
DA:56,0
LF:16
LH:0
BRDA:31,0,0,0
BRDA:31,0,1,0
BRDA:42,1,0,0
BRDA:42,1,1,0
BRDA:51,2,0,0
BRDA:51,2,1,0
BRF:6
BRH:0
end_of_record
TN:
SF:src/workers/tileGenerator.js
FN:13,generateCityTiles
FNF:1
FNH:0
FNDA:0,generateCityTiles
DA:3,0
DA:4,0
DA:5,0
DA:7,0
DA:14,0
DA:18,0
DA:21,0
LF:7
LH:0
BRDA:7,0,0,0
BRDA:7,0,1,0
BRDA:13,1,0,0
BRDA:13,2,0,0
BRF:4
BRH:0
end_of_record
